  [1m[35mSQL (0.6ms)[0m  [1m[35mCREATE EXTENSION IF NOT EXISTS "plpgsql"[0m
  [1m[35m (0.3ms)[0m  [1m[35mDROP TABLE IF EXISTS "gifts" CASCADE[0m
  [1m[35m (52.2ms)[0m  [1m[35mCREATE TABLE "gifts" ("id" bigserial primary key, "title" character varying NOT NULL, "description" character varying NOT NULL, "guest_id" integer NOT NULL, "created_at" timestamp NOT NULL, "updated_at" timestamp NOT NULL)[0m
  [1m[35m (17.8ms)[0m  [1m[35mCREATE  INDEX  "index_gifts_on_guest_id" ON "gifts"  ("guest_id")[0m
  [1m[35m (0.3ms)[0m  [1m[35mDROP TABLE IF EXISTS "guests" CASCADE[0m
  [1m[35m (37.1ms)[0m  [1m[35mCREATE TABLE "guests" ("id" bigserial primary key, "name" character varying NOT NULL, "age" integer NOT NULL, "favorite_color" character varying NOT NULL, "created_at" timestamp NOT NULL, "updated_at" timestamp NOT NULL)[0m
  [1m[35m (0.9ms)[0m  [1m[35mDROP TABLE IF EXISTS "invitations" CASCADE[0m
  [1m[35m (17.1ms)[0m  [1m[35mCREATE TABLE "invitations" ("id" bigserial primary key, "guest_id" integer, "party_id" integer, "created_at" timestamp NOT NULL, "updated_at" timestamp NOT NULL)[0m
  [1m[35m (32.0ms)[0m  [1m[35mCREATE  INDEX  "index_invitations_on_guest_id" ON "invitations"  ("guest_id")[0m
  [1m[35m (18.2ms)[0m  [1m[35mCREATE  INDEX  "index_invitations_on_party_id" ON "invitations"  ("party_id")[0m
  [1m[35m (0.8ms)[0m  [1m[35mDROP TABLE IF EXISTS "parties" CASCADE[0m
  [1m[35m (78.2ms)[0m  [1m[35mCREATE TABLE "parties" ("id" bigserial primary key, "name" character varying NOT NULL, "location" character varying NOT NULL, "created_at" timestamp NOT NULL, "updated_at" timestamp NOT NULL)[0m
  [1m[35m (103.3ms)[0m  [1m[35mCREATE TABLE "schema_migrations" ("version" character varying NOT NULL PRIMARY KEY)[0m
  [1m[35m (0.5ms)[0m  [1m[34mSELECT "schema_migrations"."version" FROM "schema_migrations" ORDER BY "schema_migrations"."version" ASC[0m
  [1m[35m (5.2ms)[0m  [1m[32mINSERT INTO "schema_migrations" (version) VALUES (20170714204346)[0m
  [1m[35m (9.9ms)[0m  [1m[32mINSERT INTO "schema_migrations" (version) VALUES
(20170714204315),
(20170714204119),
(20170714204225);

[0m
  [1m[35m (29.2ms)[0m  [1m[35mCREATE TABLE "ar_internal_metadata" ("key" character varying NOT NULL PRIMARY KEY, "value" character varying, "created_at" timestamp NOT NULL, "updated_at" timestamp NOT NULL)[0m
  [1m[36mActiveRecord::InternalMetadata Load (0.6ms)[0m  [1m[34mSELECT  "ar_internal_metadata".* FROM "ar_internal_metadata" WHERE "ar_internal_metadata"."key" = $1 LIMIT $2[0m  [["key", "environment"], ["LIMIT", 1]]
  [1m[35m (0.2ms)[0m  [1m[35mBEGIN[0m
  [1m[35mSQL (0.5ms)[0m  [1m[32mINSERT INTO "ar_internal_metadata" ("key", "value", "created_at", "updated_at") VALUES ($1, $2, $3, $4) RETURNING "key"[0m  [["key", "environment"], ["value", "development"], ["created_at", "2021-03-30 21:38:59.974479"], ["updated_at", "2021-03-30 21:38:59.974479"]]
  [1m[35m (4.4ms)[0m  [1m[35mCOMMIT[0m
  [1m[36mActiveRecord::InternalMetadata Load (0.2ms)[0m  [1m[34mSELECT  "ar_internal_metadata".* FROM "ar_internal_metadata" WHERE "ar_internal_metadata"."key" = $1 LIMIT $2[0m  [["key", "environment"], ["LIMIT", 1]]
  [1m[35m (0.2ms)[0m  [1m[35mBEGIN[0m
  [1m[35m (0.2ms)[0m  [1m[35mCOMMIT[0m
  [1m[35mSQL (0.7ms)[0m  [1m[35mCREATE EXTENSION IF NOT EXISTS "plpgsql"[0m
  [1m[35m (0.5ms)[0m  [1m[35mDROP TABLE IF EXISTS "gifts" CASCADE[0m
  [1m[35m (65.7ms)[0m  [1m[35mCREATE TABLE "gifts" ("id" bigserial primary key, "title" character varying NOT NULL, "description" character varying NOT NULL, "guest_id" integer NOT NULL, "created_at" timestamp NOT NULL, "updated_at" timestamp NOT NULL)[0m
  [1m[35m (14.1ms)[0m  [1m[35mCREATE  INDEX  "index_gifts_on_guest_id" ON "gifts"  ("guest_id")[0m
  [1m[35m (0.4ms)[0m  [1m[35mDROP TABLE IF EXISTS "guests" CASCADE[0m
  [1m[35m (35.3ms)[0m  [1m[35mCREATE TABLE "guests" ("id" bigserial primary key, "name" character varying NOT NULL, "age" integer NOT NULL, "favorite_color" character varying NOT NULL, "created_at" timestamp NOT NULL, "updated_at" timestamp NOT NULL)[0m
  [1m[35m (0.7ms)[0m  [1m[35mDROP TABLE IF EXISTS "invitations" CASCADE[0m
  [1m[35m (27.7ms)[0m  [1m[35mCREATE TABLE "invitations" ("id" bigserial primary key, "guest_id" integer, "party_id" integer, "created_at" timestamp NOT NULL, "updated_at" timestamp NOT NULL)[0m
  [1m[35m (22.9ms)[0m  [1m[35mCREATE  INDEX  "index_invitations_on_guest_id" ON "invitations"  ("guest_id")[0m
  [1m[35m (14.1ms)[0m  [1m[35mCREATE  INDEX  "index_invitations_on_party_id" ON "invitations"  ("party_id")[0m
  [1m[35m (0.3ms)[0m  [1m[35mDROP TABLE IF EXISTS "parties" CASCADE[0m
  [1m[35m (22.1ms)[0m  [1m[35mCREATE TABLE "parties" ("id" bigserial primary key, "name" character varying NOT NULL, "location" character varying NOT NULL, "created_at" timestamp NOT NULL, "updated_at" timestamp NOT NULL)[0m
  [1m[35m (57.2ms)[0m  [1m[35mCREATE TABLE "schema_migrations" ("version" character varying NOT NULL PRIMARY KEY)[0m
  [1m[35m (0.7ms)[0m  [1m[34mSELECT "schema_migrations"."version" FROM "schema_migrations" ORDER BY "schema_migrations"."version" ASC[0m
  [1m[35m (4.0ms)[0m  [1m[32mINSERT INTO "schema_migrations" (version) VALUES (20170714204346)[0m
  [1m[35m (4.5ms)[0m  [1m[32mINSERT INTO "schema_migrations" (version) VALUES
(20170714204315),
(20170714204119),
(20170714204225);

[0m
  [1m[35m (23.3ms)[0m  [1m[35mCREATE TABLE "ar_internal_metadata" ("key" character varying NOT NULL PRIMARY KEY, "value" character varying, "created_at" timestamp NOT NULL, "updated_at" timestamp NOT NULL)[0m
  [1m[36mActiveRecord::InternalMetadata Load (0.5ms)[0m  [1m[34mSELECT  "ar_internal_metadata".* FROM "ar_internal_metadata" WHERE "ar_internal_metadata"."key" = $1 LIMIT $2[0m  [["key", "environment"], ["LIMIT", 1]]
  [1m[35m (0.3ms)[0m  [1m[35mBEGIN[0m
  [1m[35mSQL (0.7ms)[0m  [1m[32mINSERT INTO "ar_internal_metadata" ("key", "value", "created_at", "updated_at") VALUES ($1, $2, $3, $4) RETURNING "key"[0m  [["key", "environment"], ["value", "development"], ["created_at", "2021-03-30 21:39:00.321255"], ["updated_at", "2021-03-30 21:39:00.321255"]]
  [1m[35m (8.5ms)[0m  [1m[35mCOMMIT[0m
  [1m[36mActiveRecord::InternalMetadata Load (1.2ms)[0m  [1m[34mSELECT  "ar_internal_metadata".* FROM "ar_internal_metadata" WHERE "ar_internal_metadata"."key" = $1 LIMIT $2[0m  [["key", "environment"], ["LIMIT", 1]]
  [1m[35m (0.3ms)[0m  [1m[35mBEGIN[0m
  [1m[35mSQL (0.6ms)[0m  [1m[33mUPDATE "ar_internal_metadata" SET "value" = $1, "updated_at" = $2 WHERE "ar_internal_metadata"."key" = $3[0m  [["value", "test"], ["updated_at", "2021-03-30 21:39:00.342600"], ["key", "environment"]]
  [1m[35m (4.2ms)[0m  [1m[35mCOMMIT[0m
  [1m[35m (1.0ms)[0m  [1m[34mSELECT "schema_migrations"."version" FROM "schema_migrations" ORDER BY "schema_migrations"."version" ASC[0m
  [1m[35m (0.2ms)[0m  [1m[35mBEGIN[0m
  [1m[35mSQL (0.7ms)[0m  [1m[32mINSERT INTO "guests" ("name", "age", "favorite_color", "created_at", "updated_at") VALUES ($1, $2, $3, $4, $5) RETURNING "id"[0m  [["name", "John Smith"], ["age", 45], ["favorite_color", "Blue"], ["created_at", "2021-03-30 21:39:00.403284"], ["updated_at", "2021-03-30 21:39:00.403284"]]
  [1m[35m (3.9ms)[0m  [1m[35mCOMMIT[0m
  [1m[35m (0.2ms)[0m  [1m[35mBEGIN[0m
  [1m[35mSQL (0.3ms)[0m  [1m[32mINSERT INTO "guests" ("name", "age", "favorite_color", "created_at", "updated_at") VALUES ($1, $2, $3, $4, $5) RETURNING "id"[0m  [["name", "Jane Doe"], ["age", 47], ["favorite_color", "Green"], ["created_at", "2021-03-30 21:39:00.410188"], ["updated_at", "2021-03-30 21:39:00.410188"]]
  [1m[35m (3.7ms)[0m  [1m[35mCOMMIT[0m
  [1m[35m (0.2ms)[0m  [1m[35mBEGIN[0m
  [1m[35mSQL (0.5ms)[0m  [1m[32mINSERT INTO "guests" ("name", "age", "favorite_color", "created_at", "updated_at") VALUES ($1, $2, $3, $4, $5) RETURNING "id"[0m  [["name", "Josh Brown"], ["age", 22], ["favorite_color", "Brown"], ["created_at", "2021-03-30 21:39:00.416278"], ["updated_at", "2021-03-30 21:39:00.416278"]]
  [1m[35m (3.7ms)[0m  [1m[35mCOMMIT[0m
  [1m[35m (0.2ms)[0m  [1m[35mBEGIN[0m
  [1m[35mSQL (0.6ms)[0m  [1m[32mINSERT INTO "guests" ("name", "age", "favorite_color", "created_at", "updated_at") VALUES ($1, $2, $3, $4, $5) RETURNING "id"[0m  [["name", "Helen White"], ["age", 25], ["favorite_color", "White"], ["created_at", "2021-03-30 21:39:00.422749"], ["updated_at", "2021-03-30 21:39:00.422749"]]
  [1m[35m (4.0ms)[0m  [1m[35mCOMMIT[0m
  [1m[35m (0.3ms)[0m  [1m[35mBEGIN[0m
  [1m[35mSQL (0.3ms)[0m  [1m[32mINSERT INTO "guests" ("name", "age", "favorite_color", "created_at", "updated_at") VALUES ($1, $2, $3, $4, $5) RETURNING "id"[0m  [["name", "Job Bluth"], ["age", 41], ["favorite_color", "Red"], ["created_at", "2021-03-30 21:39:00.430041"], ["updated_at", "2021-03-30 21:39:00.430041"]]
  [1m[35m (3.7ms)[0m  [1m[35mCOMMIT[0m
  [1m[35m (0.5ms)[0m  [1m[35mBEGIN[0m
  [1m[35mSQL (1.3ms)[0m  [1m[32mINSERT INTO "gifts" ("title", "description", "guest_id", "created_at", "updated_at") VALUES ($1, $2, $3, $4, $5) RETURNING "id"[0m  [["title", "A Bottle of Wine"], ["description", "This one is not so great."], ["guest_id", 1], ["created_at", "2021-03-30 21:39:00.479450"], ["updated_at", "2021-03-30 21:39:00.479450"]]
  [1m[35m (3.9ms)[0m  [1m[35mCOMMIT[0m
  [1m[35m (0.3ms)[0m  [1m[35mBEGIN[0m
  [1m[35mSQL (0.6ms)[0m  [1m[32mINSERT INTO "gifts" ("title", "description", "guest_id", "created_at", "updated_at") VALUES ($1, $2, $3, $4, $5) RETURNING "id"[0m  [["title", "Another Bottle of Wine"], ["description", "This one is not so bad."], ["guest_id", 1], ["created_at", "2021-03-30 21:39:00.488761"], ["updated_at", "2021-03-30 21:39:00.488761"]]
  [1m[35m (4.6ms)[0m  [1m[35mCOMMIT[0m
  [1m[35m (0.2ms)[0m  [1m[35mBEGIN[0m
  [1m[35mSQL (0.4ms)[0m  [1m[32mINSERT INTO "gifts" ("title", "description", "guest_id", "created_at", "updated_at") VALUES ($1, $2, $3, $4, $5) RETURNING "id"[0m  [["title", "The Hunger Games"], ["description", "A bit dark for a gift, but it's good."], ["guest_id", 2], ["created_at", "2021-03-30 21:39:00.496565"], ["updated_at", "2021-03-30 21:39:00.496565"]]
  [1m[35m (3.6ms)[0m  [1m[35mCOMMIT[0m
  [1m[35m (0.2ms)[0m  [1m[35mBEGIN[0m
  [1m[35mSQL (0.4ms)[0m  [1m[32mINSERT INTO "gifts" ("title", "description", "guest_id", "created_at", "updated_at") VALUES ($1, $2, $3, $4, $5) RETURNING "id"[0m  [["title", "Baseball Glove"], ["description", "Feel like a kid again!"], ["guest_id", 3], ["created_at", "2021-03-30 21:39:00.503038"], ["updated_at", "2021-03-30 21:39:00.503038"]]
  [1m[35m (3.6ms)[0m  [1m[35mCOMMIT[0m
  [1m[35m (0.3ms)[0m  [1m[35mBEGIN[0m
  [1m[35mSQL (0.5ms)[0m  [1m[32mINSERT INTO "gifts" ("title", "description", "guest_id", "created_at", "updated_at") VALUES ($1, $2, $3, $4, $5) RETURNING "id"[0m  [["title", "Basketball Tickets"], ["description", "The team's going 82-0 this year."], ["guest_id", 3], ["created_at", "2021-03-30 21:39:00.509691"], ["updated_at", "2021-03-30 21:39:00.509691"]]
  [1m[35m (5.1ms)[0m  [1m[35mCOMMIT[0m
  [1m[35m (0.3ms)[0m  [1m[35mBEGIN[0m
  [1m[35mSQL (0.4ms)[0m  [1m[32mINSERT INTO "gifts" ("title", "description", "guest_id", "created_at", "updated_at") VALUES ($1, $2, $3, $4, $5) RETURNING "id"[0m  [["title", "Hawaiian Getaway"], ["description", "Helen has the best gifts."], ["guest_id", 4], ["created_at", "2021-03-30 21:39:00.517799"], ["updated_at", "2021-03-30 21:39:00.517799"]]
  [1m[35m (3.8ms)[0m  [1m[35mCOMMIT[0m
  [1m[35m (0.3ms)[0m  [1m[35mBEGIN[0m
  [1m[35mSQL (0.9ms)[0m  [1m[32mINSERT INTO "parties" ("name", "location", "created_at", "updated_at") VALUES ($1, $2, $3, $4) RETURNING "id"[0m  [["name", "Secret Santa Extravaganza"], ["location", "Portland"], ["created_at", "2021-03-30 21:39:00.536824"], ["updated_at", "2021-03-30 21:39:00.536824"]]
  [1m[35m (4.6ms)[0m  [1m[35mCOMMIT[0m
  [1m[35m (2.7ms)[0m  [1m[35mBEGIN[0m
  [1m[35mSQL (2.0ms)[0m  [1m[32mINSERT INTO "parties" ("name", "location", "created_at", "updated_at") VALUES ($1, $2, $3, $4) RETURNING "id"[0m  [["name", "Charles' Christmas Party"], ["location", "San Francisco"], ["created_at", "2021-03-30 21:39:00.559893"], ["updated_at", "2021-03-30 21:39:00.559893"]]
  [1m[35m (3.9ms)[0m  [1m[35mCOMMIT[0m
  [1m[35m (0.2ms)[0m  [1m[35mBEGIN[0m
  [1m[35mSQL (0.8ms)[0m  [1m[32mINSERT INTO "invitations" ("guest_id", "party_id", "created_at", "updated_at") VALUES ($1, $2, $3, $4) RETURNING "id"[0m  [["guest_id", 1], ["party_id", 1], ["created_at", "2021-03-30 21:39:00.581617"], ["updated_at", "2021-03-30 21:39:00.581617"]]
  [1m[35m (4.0ms)[0m  [1m[35mCOMMIT[0m
  [1m[35m (0.3ms)[0m  [1m[35mBEGIN[0m
  [1m[35mSQL (0.5ms)[0m  [1m[32mINSERT INTO "invitations" ("guest_id", "party_id", "created_at", "updated_at") VALUES ($1, $2, $3, $4) RETURNING "id"[0m  [["guest_id", 2], ["party_id", 1], ["created_at", "2021-03-30 21:39:00.589540"], ["updated_at", "2021-03-30 21:39:00.589540"]]
  [1m[35m (5.7ms)[0m  [1m[35mCOMMIT[0m
  [1m[35m (0.5ms)[0m  [1m[35mBEGIN[0m
  [1m[35mSQL (0.6ms)[0m  [1m[32mINSERT INTO "invitations" ("guest_id", "party_id", "created_at", "updated_at") VALUES ($1, $2, $3, $4) RETURNING "id"[0m  [["guest_id", 3], ["party_id", 1], ["created_at", "2021-03-30 21:39:00.599329"], ["updated_at", "2021-03-30 21:39:00.599329"]]
  [1m[35m (5.1ms)[0m  [1m[35mCOMMIT[0m
  [1m[35m (0.3ms)[0m  [1m[35mBEGIN[0m
  [1m[35mSQL (0.7ms)[0m  [1m[32mINSERT INTO "invitations" ("guest_id", "party_id", "created_at", "updated_at") VALUES ($1, $2, $3, $4) RETURNING "id"[0m  [["guest_id", 4], ["party_id", 1], ["created_at", "2021-03-30 21:39:00.608936"], ["updated_at", "2021-03-30 21:39:00.608936"]]
  [1m[35m (5.4ms)[0m  [1m[35mCOMMIT[0m
  [1m[35m (0.3ms)[0m  [1m[35mBEGIN[0m
  [1m[35mSQL (0.7ms)[0m  [1m[32mINSERT INTO "invitations" ("guest_id", "party_id", "created_at", "updated_at") VALUES ($1, $2, $3, $4) RETURNING "id"[0m  [["guest_id", 5], ["party_id", 1], ["created_at", "2021-03-30 21:39:00.618325"], ["updated_at", "2021-03-30 21:39:00.618325"]]
  [1m[35m (4.1ms)[0m  [1m[35mCOMMIT[0m
  [1m[35m (0.2ms)[0m  [1m[35mBEGIN[0m
  [1m[35mSQL (0.5ms)[0m  [1m[32mINSERT INTO "invitations" ("guest_id", "party_id", "created_at", "updated_at") VALUES ($1, $2, $3, $4) RETURNING "id"[0m  [["guest_id", 3], ["party_id", 2], ["created_at", "2021-03-30 21:39:00.625980"], ["updated_at", "2021-03-30 21:39:00.625980"]]
  [1m[35m (4.0ms)[0m  [1m[35mCOMMIT[0m
  [1m[35m (0.3ms)[0m  [1m[35mBEGIN[0m
  [1m[35mSQL (0.5ms)[0m  [1m[32mINSERT INTO "invitations" ("guest_id", "party_id", "created_at", "updated_at") VALUES ($1, $2, $3, $4) RETURNING "id"[0m  [["guest_id", 4], ["party_id", 2], ["created_at", "2021-03-30 21:39:00.633276"], ["updated_at", "2021-03-30 21:39:00.633276"]]
  [1m[35m (4.0ms)[0m  [1m[35mCOMMIT[0m
Started GET "/" for ::1 at 2021-03-30 14:56:20 -0700
  [1m[35m (0.5ms)[0m  [1m[34mSELECT "schema_migrations"."version" FROM "schema_migrations" ORDER BY "schema_migrations"."version" ASC[0m
Processing by Rails::WelcomeController#index as HTML
  Rendering /home/aibsin/.rbenv/versions/2.5.1/lib/ruby/gems/2.5.0/gems/railties-5.1.7/lib/rails/templates/rails/welcome/index.html.erb
  Rendered /home/aibsin/.rbenv/versions/2.5.1/lib/ruby/gems/2.5.0/gems/railties-5.1.7/lib/rails/templates/rails/welcome/index.html.erb (4.1ms)
Completed 200 OK in 13ms (Views: 10.1ms | ActiveRecord: 0.0ms)


Started GET "/api/parties/2" for ::1 at 2021-03-30 14:57:03 -0700
Processing by Api::PartiesController#show as JSON
  Parameters: {"id"=>"2"}
  [1m[36mParty Load (0.6ms)[0m  [1m[34mSELECT  "parties".* FROM "parties" WHERE "parties"."id" = $1 LIMIT $2[0m  [["id", 2], ["LIMIT", 1]]
  Rendering api/parties/show.json.jbuilder
  [1m[36mGuest Load (1.7ms)[0m  [1m[34mSELECT "guests".* FROM "guests" INNER JOIN "invitations" ON "guests"."id" = "invitations"."guest_id" WHERE "invitations"."party_id" = $1[0m  [["party_id", 2]]
  [1m[36mGift Load (2.0ms)[0m  [1m[34mSELECT "gifts".* FROM "gifts" WHERE "gifts"."guest_id" = $1[0m  [["guest_id", 3]]
  [1m[36mGift Load (0.8ms)[0m  [1m[34mSELECT "gifts".* FROM "gifts" WHERE "gifts"."guest_id" = $1[0m  [["guest_id", 4]]
  Rendered api/parties/show.json.jbuilder (142.4ms)
Completed 200 OK in 225ms (Views: 129.3ms | ActiveRecord: 45.1ms)


Started GET "/api/parties/1" for ::1 at 2021-03-30 14:57:47 -0700
Processing by Api::PartiesController#show as JSON
  Parameters: {"id"=>"1"}
  [1m[36mParty Load (0.5ms)[0m  [1m[34mSELECT  "parties".* FROM "parties" WHERE "parties"."id" = $1 LIMIT $2[0m  [["id", 1], ["LIMIT", 1]]
  Rendering api/parties/show.json.jbuilder
  [1m[36mGuest Load (0.6ms)[0m  [1m[34mSELECT "guests".* FROM "guests" INNER JOIN "invitations" ON "guests"."id" = "invitations"."guest_id" WHERE "invitations"."party_id" = $1[0m  [["party_id", 1]]
  [1m[36mGift Load (0.6ms)[0m  [1m[34mSELECT "gifts".* FROM "gifts" WHERE "gifts"."guest_id" = $1[0m  [["guest_id", 1]]
  [1m[36mGift Load (0.6ms)[0m  [1m[34mSELECT "gifts".* FROM "gifts" WHERE "gifts"."guest_id" = $1[0m  [["guest_id", 2]]
  [1m[36mGift Load (1.5ms)[0m  [1m[34mSELECT "gifts".* FROM "gifts" WHERE "gifts"."guest_id" = $1[0m  [["guest_id", 3]]
  [1m[36mGift Load (1.3ms)[0m  [1m[34mSELECT "gifts".* FROM "gifts" WHERE "gifts"."guest_id" = $1[0m  [["guest_id", 4]]
  [1m[36mGift Load (0.4ms)[0m  [1m[34mSELECT "gifts".* FROM "gifts" WHERE "gifts"."guest_id" = $1[0m  [["guest_id", 5]]
  Rendered api/parties/show.json.jbuilder (40.9ms)
Completed 200 OK in 52ms (Views: 43.5ms | ActiveRecord: 5.6ms)


Started GET "/api/parties/1" for ::1 at 2021-03-30 15:02:19 -0700
Processing by Api::PartiesController#show as JSON
  Parameters: {"id"=>"1"}
  [1m[36mParty Load (1.7ms)[0m  [1m[34mSELECT  "parties".* FROM "parties" WHERE "parties"."id" = $1 LIMIT $2[0m  [["id", 1], ["LIMIT", 1]]
Completed 500 Internal Server Error in 53ms (ActiveRecord: 7.1ms)



NoMethodError - undefined method `includes' for #<Party:0x00007f96702a91b8>:
  app/controllers/api/parties_controller.rb:10:in `show'

Started POST "/__better_errors/ff86facc2e7c87d4/variables" for ::1 at 2021-03-30 15:02:20 -0700
Started GET "/api/parties/1" for ::1 at 2021-03-30 15:08:16 -0700
Processing by Api::PartiesController#show as JSON
  Parameters: {"id"=>"1"}
  [1m[36mParty Load (0.6ms)[0m  [1m[34mSELECT  "parties".* FROM "parties" WHERE "parties"."id" = $1 LIMIT $2[0m  [["id", 1], ["LIMIT", 1]]
  [1m[36mInvitation Load (4.2ms)[0m  [1m[34mSELECT "invitations".* FROM "invitations" WHERE "invitations"."party_id" = 1[0m
  [1m[36mGuest Load (1.4ms)[0m  [1m[34mSELECT "guests".* FROM "guests" WHERE "guests"."id" IN (1, 2, 3, 4, 5)[0m
  [1m[36mGift Load (1.2ms)[0m  [1m[34mSELECT "gifts".* FROM "gifts" WHERE "gifts"."guest_id" IN (1, 2, 3, 4, 5)[0m
  Rendering api/parties/show.json.jbuilder
  Rendered api/parties/show.json.jbuilder (1.6ms)
Completed 200 OK in 167ms (Views: 4.2ms | ActiveRecord: 32.0ms)


Started GET "/api/parties/1" for ::1 at 2021-03-30 15:10:20 -0700
Processing by Api::PartiesController#show as JSON
  Parameters: {"id"=>"1"}
  [1m[36mParty Load (4.3ms)[0m  [1m[34mSELECT  "parties".* FROM "parties" WHERE "parties"."id" = $1 LIMIT $2[0m  [["id", 1], ["LIMIT", 1]]
Completed 500 Internal Server Error in 54ms (ActiveRecord: 4.3ms)



NoMethodError - undefined method `includes' for #<Party:0x0000559fe68aa120>:
  app/controllers/api/parties_controller.rb:9:in `show'

Started POST "/__better_errors/619ea61b2454d752/variables" for ::1 at 2021-03-30 15:10:20 -0700
Started GET "/api/parties" for ::1 at 2021-03-30 15:11:10 -0700
Processing by Api::PartiesController#index as JSON
  Rendering api/parties/index.json.jbuilder
  [1m[36mParty Load (0.4ms)[0m  [1m[34mSELECT "parties".* FROM "parties"[0m
  Rendered api/parties/index.json.jbuilder (8.1ms)
Completed 200 OK in 15ms (Views: 10.1ms | ActiveRecord: 0.4ms)


Started GET "/api/guests" for ::1 at 2021-03-30 15:11:28 -0700
Processing by Api::GuestsController#index as JSON
  Rendering api/guests/index.json.jbuilder
  [1m[36mGuest Load (0.3ms)[0m  [1m[34mSELECT "guests".* FROM "guests"[0m
  Rendered api/guests/index.json.jbuilder (40.6ms)
Completed 200 OK in 48ms (Views: 31.4ms | ActiveRecord: 12.2ms)


Started GET "/api/gifts" for ::1 at 2021-03-30 15:11:35 -0700
  
ActionController::RoutingError (No route matches [GET] "/api/gifts"):
  
actionpack (5.1.7) lib/action_dispatch/middleware/debug_exceptions.rb:63:in `call'
web-console (3.7.0) lib/web_console/middleware.rb:135:in `call_app'
web-console (3.7.0) lib/web_console/middleware.rb:30:in `block in call'
web-console (3.7.0) lib/web_console/middleware.rb:20:in `catch'
web-console (3.7.0) lib/web_console/middleware.rb:20:in `call'
actionpack (5.1.7) lib/action_dispatch/middleware/show_exceptions.rb:31:in `call'
railties (5.1.7) lib/rails/rack/logger.rb:36:in `call_app'
railties (5.1.7) lib/rails/rack/logger.rb:24:in `block in call'
activesupport (5.1.7) lib/active_support/tagged_logging.rb:69:in `block in tagged'
activesupport (5.1.7) lib/active_support/tagged_logging.rb:26:in `tagged'
activesupport (5.1.7) lib/active_support/tagged_logging.rb:69:in `tagged'
railties (5.1.7) lib/rails/rack/logger.rb:24:in `call'
sprockets-rails (3.2.2) lib/sprockets/rails/quiet_assets.rb:13:in `call'
actionpack (5.1.7) lib/action_dispatch/middleware/remote_ip.rb:79:in `call'
actionpack (5.1.7) lib/action_dispatch/middleware/request_id.rb:25:in `call'
rack (2.2.3) lib/rack/method_override.rb:24:in `call'
rack (2.2.3) lib/rack/runtime.rb:22:in `call'
activesupport (5.1.7) lib/active_support/cache/strategy/local_cache_middleware.rb:27:in `call'
actionpack (5.1.7) lib/action_dispatch/middleware/executor.rb:12:in `call'
actionpack (5.1.7) lib/action_dispatch/middleware/static.rb:125:in `call'
rack (2.2.3) lib/rack/sendfile.rb:110:in `call'
railties (5.1.7) lib/rails/engine.rb:522:in `call'
puma (3.12.6) lib/puma/configuration.rb:227:in `call'
puma (3.12.6) lib/puma/server.rb:706:in `handle_request'
puma (3.12.6) lib/puma/server.rb:476:in `process_client'
puma (3.12.6) lib/puma/server.rb:334:in `block in run'
puma (3.12.6) lib/puma/thread_pool.rb:135:in `block in spawn_thread'
Started GET "/api/guests/1/gifts" for ::1 at 2021-03-30 15:12:29 -0700
Processing by Api::GiftsController#index as JSON
  Parameters: {"guest_id"=>"1"}
  Rendering api/gifts/index.json.jbuilder
  [1m[36mGift Load (11.8ms)[0m  [1m[34mSELECT "gifts".* FROM "gifts" WHERE "gifts"."guest_id" = $1[0m  [["guest_id", 1]]
  Rendered api/gifts/index.json.jbuilder (52.5ms)
Completed 200 OK in 78ms (Views: 52.1ms | ActiveRecord: 11.8ms)


Started GET "/api/guests/1" for ::1 at 2021-03-30 15:12:38 -0700
Processing by Api::GuestsController#show as JSON
  Parameters: {"id"=>"1"}
  [1m[36mGuest Load (0.6ms)[0m  [1m[34mSELECT  "guests".* FROM "guests" WHERE "guests"."id" = $1 LIMIT $2[0m  [["id", 1], ["LIMIT", 1]]
  Rendering api/guests/show.json.jbuilder
  [1m[36mGift Load (9.2ms)[0m  [1m[34mSELECT "gifts".* FROM "gifts" WHERE "gifts"."guest_id" = $1[0m  [["guest_id", 1]]
  Rendered api/guests/show.json.jbuilder (54.2ms)
Completed 200 OK in 75ms (Views: 56.2ms | ActiveRecord: 9.7ms)


Started GET "/api/guests/2" for ::1 at 2021-03-30 15:12:43 -0700
Processing by Api::GuestsController#show as JSON
  Parameters: {"id"=>"2"}
  [1m[36mGuest Load (0.6ms)[0m  [1m[34mSELECT  "guests".* FROM "guests" WHERE "guests"."id" = $1 LIMIT $2[0m  [["id", 2], ["LIMIT", 1]]
  Rendering api/guests/show.json.jbuilder
  [1m[36mGift Load (0.3ms)[0m  [1m[34mSELECT "gifts".* FROM "gifts" WHERE "gifts"."guest_id" = $1[0m  [["guest_id", 2]]
  Rendered api/guests/show.json.jbuilder (10.2ms)
Completed 200 OK in 20ms (Views: 15.9ms | ActiveRecord: 0.9ms)


Started GET "/api/guests/2/gifts" for ::1 at 2021-03-30 15:14:54 -0700
Processing by Api::GiftsController#index as JSON
  Parameters: {"guest_id"=>"2"}
  Rendering api/gifts/index.json.jbuilder
  [1m[36mGift Load (0.6ms)[0m  [1m[34mSELECT "gifts".* FROM "gifts" WHERE "gifts"."guest_id" = $1[0m  [["guest_id", 2]]
  Rendered api/gifts/index.json.jbuilder (4.4ms)
Completed 200 OK in 9ms (Views: 7.4ms | ActiveRecord: 0.6ms)


Started GET "/api/guests/1/gifts" for ::1 at 2021-03-30 15:15:01 -0700
Processing by Api::GiftsController#index as JSON
  Parameters: {"guest_id"=>"1"}
  Rendering api/gifts/index.json.jbuilder
  [1m[36mGift Load (0.5ms)[0m  [1m[34mSELECT "gifts".* FROM "gifts" WHERE "gifts"."guest_id" = $1[0m  [["guest_id", 1]]
  Rendered api/gifts/index.json.jbuilder (3.1ms)
Completed 200 OK in 6ms (Views: 5.0ms | ActiveRecord: 0.5ms)


Started GET "/api/guests/1/gifts/1" for ::1 at 2021-03-30 15:15:05 -0700
  
ActionController::RoutingError (No route matches [GET] "/api/guests/1/gifts/1"):
  
actionpack (5.1.7) lib/action_dispatch/middleware/debug_exceptions.rb:63:in `call'
web-console (3.7.0) lib/web_console/middleware.rb:135:in `call_app'
web-console (3.7.0) lib/web_console/middleware.rb:30:in `block in call'
web-console (3.7.0) lib/web_console/middleware.rb:20:in `catch'
web-console (3.7.0) lib/web_console/middleware.rb:20:in `call'
actionpack (5.1.7) lib/action_dispatch/middleware/show_exceptions.rb:31:in `call'
railties (5.1.7) lib/rails/rack/logger.rb:36:in `call_app'
railties (5.1.7) lib/rails/rack/logger.rb:24:in `block in call'
activesupport (5.1.7) lib/active_support/tagged_logging.rb:69:in `block in tagged'
activesupport (5.1.7) lib/active_support/tagged_logging.rb:26:in `tagged'
activesupport (5.1.7) lib/active_support/tagged_logging.rb:69:in `tagged'
railties (5.1.7) lib/rails/rack/logger.rb:24:in `call'
sprockets-rails (3.2.2) lib/sprockets/rails/quiet_assets.rb:13:in `call'
actionpack (5.1.7) lib/action_dispatch/middleware/remote_ip.rb:79:in `call'
actionpack (5.1.7) lib/action_dispatch/middleware/request_id.rb:25:in `call'
rack (2.2.3) lib/rack/method_override.rb:24:in `call'
rack (2.2.3) lib/rack/runtime.rb:22:in `call'
activesupport (5.1.7) lib/active_support/cache/strategy/local_cache_middleware.rb:27:in `call'
actionpack (5.1.7) lib/action_dispatch/middleware/executor.rb:12:in `call'
actionpack (5.1.7) lib/action_dispatch/middleware/static.rb:125:in `call'
rack (2.2.3) lib/rack/sendfile.rb:110:in `call'
railties (5.1.7) lib/rails/engine.rb:522:in `call'
puma (3.12.6) lib/puma/configuration.rb:227:in `call'
puma (3.12.6) lib/puma/server.rb:706:in `handle_request'
puma (3.12.6) lib/puma/server.rb:476:in `process_client'
puma (3.12.6) lib/puma/server.rb:334:in `block in run'
puma (3.12.6) lib/puma/thread_pool.rb:135:in `block in spawn_thread'
Started GET "/api/guests/1/gifts" for ::1 at 2021-03-30 15:15:17 -0700
Processing by Api::GiftsController#index as JSON
  Parameters: {"guest_id"=>"1"}
  Rendering api/gifts/index.json.jbuilder
  [1m[36mGift Load (0.7ms)[0m  [1m[34mSELECT "gifts".* FROM "gifts" WHERE "gifts"."guest_id" = $1[0m  [["guest_id", 1]]
  Rendered api/gifts/index.json.jbuilder (3.2ms)
Completed 200 OK in 7ms (Views: 6.0ms | ActiveRecord: 0.7ms)


Started GET "/api/parties/1" for ::1 at 2021-03-30 15:17:13 -0700
Processing by Api::PartiesController#show as JSON
  Parameters: {"id"=>"1"}
  [1m[36mParty Load (0.8ms)[0m  [1m[34mSELECT  "parties".* FROM "parties" WHERE "parties"."id" = $1 LIMIT $2[0m  [["id", 1], ["LIMIT", 1]]
  Rendering api/parties/show.json.jbuilder
  [1m[36mGuest Load (1.1ms)[0m  [1m[34mSELECT "guests".* FROM "guests" INNER JOIN "invitations" ON "guests"."id" = "invitations"."guest_id" WHERE "invitations"."party_id" = $1[0m  [["party_id", 1]]
  [1m[36mGift Load (1.0ms)[0m  [1m[34mSELECT "gifts".* FROM "gifts" WHERE "gifts"."guest_id" = $1[0m  [["guest_id", 1]]
  [1m[36mGift Load (0.8ms)[0m  [1m[34mSELECT "gifts".* FROM "gifts" WHERE "gifts"."guest_id" = $1[0m  [["guest_id", 2]]
  [1m[36mGift Load (1.1ms)[0m  [1m[34mSELECT "gifts".* FROM "gifts" WHERE "gifts"."guest_id" = $1[0m  [["guest_id", 3]]
  [1m[36mGift Load (0.5ms)[0m  [1m[34mSELECT "gifts".* FROM "gifts" WHERE "gifts"."guest_id" = $1[0m  [["guest_id", 4]]
  [1m[36mGift Load (0.7ms)[0m  [1m[34mSELECT "gifts".* FROM "gifts" WHERE "gifts"."guest_id" = $1[0m  [["guest_id", 5]]
  Rendered api/parties/show.json.jbuilder (110.2ms)
Completed 200 OK in 184ms (Views: 101.1ms | ActiveRecord: 26.8ms)


