  [1m[35m (746.7ms)[0m  [1m[35mCREATE DATABASE "W6D5_development" ENCODING = 'unicode'[0m
  ↳ bin/rails:9
  [1m[35m (427.5ms)[0m  [1m[35mCREATE DATABASE "W6D5_test" ENCODING = 'unicode'[0m
  ↳ bin/rails:9
  [1m[35m (132.4ms)[0m  [1m[35mCREATE TABLE "schema_migrations" ("version" character varying NOT NULL PRIMARY KEY)[0m
  ↳ bin/rails:9
  [1m[35m (14.6ms)[0m  [1m[35mCREATE TABLE "ar_internal_metadata" ("key" character varying NOT NULL PRIMARY KEY, "value" character varying, "created_at" timestamp NOT NULL, "updated_at" timestamp NOT NULL)[0m
  ↳ bin/rails:9
  [1m[35m (0.2ms)[0m  [1m[34mSELECT pg_try_advisory_lock(4986231511504214370)[0m
  ↳ bin/rails:9
  [1m[35m (1.0ms)[0m  [1m[34mSELECT "schema_migrations"."version" FROM "schema_migrations" ORDER BY "schema_migrations"."version" ASC[0m
  ↳ bin/rails:9
Migrating to CreateCats (20210226213852)
  [1m[35m (0.6ms)[0m  [1m[35mBEGIN[0m
  ↳ bin/rails:9
  [1m[35m (17.1ms)[0m  [1m[35mCREATE TABLE "cats" ("id" bigserial primary key, "birth_date" date NOT NULL, "color" character varying NOT NULL, "name" character varying NOT NULL, "sex" character varying(1) NOT NULL, "description" text NOT NULL, "created_at" timestamp NOT NULL, "updated_at" timestamp NOT NULL)[0m
  ↳ db/migrate/20210226213852_create_cats.rb:3
  [1m[36mActiveRecord::SchemaMigration Create (0.6ms)[0m  [1m[32mINSERT INTO "schema_migrations" ("version") VALUES ($1) RETURNING "version"[0m  [["version", "20210226213852"]]
  ↳ bin/rails:9
  [1m[35m (1.6ms)[0m  [1m[35mCOMMIT[0m
  ↳ bin/rails:9
  [1m[36mActiveRecord::InternalMetadata Load (0.4ms)[0m  [1m[34mSELECT  "ar_internal_metadata".* FROM "ar_internal_metadata" WHERE "ar_internal_metadata"."key" = $1 LIMIT $2[0m  [["key", "environment"], ["LIMIT", 1]]
  ↳ bin/rails:9
  [1m[35m (0.3ms)[0m  [1m[35mBEGIN[0m
  ↳ bin/rails:9
  [1m[36mActiveRecord::InternalMetadata Create (2.2ms)[0m  [1m[32mINSERT INTO "ar_internal_metadata" ("key", "value", "created_at", "updated_at") VALUES ($1, $2, $3, $4) RETURNING "key"[0m  [["key", "environment"], ["value", "development"], ["created_at", "2021-02-26 21:44:58.627123"], ["updated_at", "2021-02-26 21:44:58.627123"]]
  ↳ bin/rails:9
  [1m[35m (1.2ms)[0m  [1m[35mCOMMIT[0m
  ↳ bin/rails:9
  [1m[35m (1.6ms)[0m  [1m[34mSELECT pg_advisory_unlock(4986231511504214370)[0m
  ↳ bin/rails:9
  [1m[35m (0.4ms)[0m  [1m[34mSELECT "schema_migrations"."version" FROM "schema_migrations" ORDER BY "schema_migrations"."version" ASC[0m
  ↳ bin/rails:9
Started GET "/" for 127.0.0.1 at 2021-02-26 14:24:17 -0800
  [1m[35m (3.4ms)[0m  [1m[34mSELECT "schema_migrations"."version" FROM "schema_migrations" ORDER BY "schema_migrations"."version" ASC[0m
  ↳ /home/henry/.rbenv/versions/2.5.1/lib/ruby/gems/2.5.0/gems/activerecord-5.2.4.5/lib/active_record/log_subscriber.rb:98
Processing by Rails::WelcomeController#index as HTML
  Rendering /home/henry/.rbenv/versions/2.5.1/lib/ruby/gems/2.5.0/gems/railties-5.2.4.5/lib/rails/templates/rails/welcome/index.html.erb
  Rendered /home/henry/.rbenv/versions/2.5.1/lib/ruby/gems/2.5.0/gems/railties-5.2.4.5/lib/rails/templates/rails/welcome/index.html.erb (20.8ms)
Completed 200 OK in 77ms (Views: 53.3ms | ActiveRecord: 0.0ms)


Started GET "/cats" for 127.0.0.1 at 2021-02-26 14:24:29 -0800
Processing by CatsController#index as HTML
  Rendering cats/index.html.erb within layouts/application
  [1m[36mCat Load (6.2ms)[0m  [1m[34mSELECT "cats".* FROM "cats"[0m
  ↳ app/views/cats/index.html.erb:4
  Rendered cats/index.html.erb within layouts/application (19.2ms)
Completed 200 OK in 1132ms (Views: 1122.3ms | ActiveRecord: 7.9ms)


Started GET "/" for 127.0.0.1 at 2021-02-26 14:29:11 -0800
Processing by Rails::WelcomeController#index as HTML
  Rendering /home/henry/.rbenv/versions/2.5.1/lib/ruby/gems/2.5.0/gems/railties-5.2.4.5/lib/rails/templates/rails/welcome/index.html.erb
  Rendered /home/henry/.rbenv/versions/2.5.1/lib/ruby/gems/2.5.0/gems/railties-5.2.4.5/lib/rails/templates/rails/welcome/index.html.erb (7.2ms)
Completed 200 OK in 19ms (Views: 14.9ms | ActiveRecord: 0.0ms)


  [1m[35m (0.4ms)[0m  [1m[34mSELECT "schema_migrations"."version" FROM "schema_migrations" ORDER BY "schema_migrations"."version" ASC[0m
  ↳ bin/rails:9
  [1m[35m (0.2ms)[0m  [1m[35mBEGIN[0m
  ↳ db/seeds.rb:9
  [1m[36mCat Create (1.1ms)[0m  [1m[32mINSERT INTO "cats" ("birth_date", "color", "name", "sex", "description", "created_at", "updated_at") VALUES ($1, $2, $3, $4, $5, $6, $7) RETURNING "id"[0m  [["birth_date", "2015-01-20"], ["color", "Black"], ["name", "Bentley"], ["sex", "M"], ["description", "Sleepy cat."], ["created_at", "2021-02-26 22:30:01.367996"], ["updated_at", "2021-02-26 22:30:01.367996"]]
  ↳ db/seeds.rb:9
  [1m[35m (1.0ms)[0m  [1m[35mCOMMIT[0m
  ↳ db/seeds.rb:9
  [1m[35m (0.1ms)[0m  [1m[35mBEGIN[0m
  ↳ db/seeds.rb:10
  [1m[36mCat Create (0.3ms)[0m  [1m[32mINSERT INTO "cats" ("birth_date", "color", "name", "sex", "description", "created_at", "updated_at") VALUES ($1, $2, $3, $4, $5, $6, $7) RETURNING "id"[0m  [["birth_date", "2018-11-20"], ["color", "Orange"], ["name", "Bijou"], ["sex", "F"], ["description", "Always following Bentley."], ["created_at", "2021-02-26 22:30:01.384709"], ["updated_at", "2021-02-26 22:30:01.384709"]]
  ↳ db/seeds.rb:10
  [1m[35m (1.0ms)[0m  [1m[35mCOMMIT[0m
  ↳ db/seeds.rb:10
  [1m[35m (0.1ms)[0m  [1m[35mBEGIN[0m
  ↳ db/seeds.rb:11
  [1m[36mCat Create (0.7ms)[0m  [1m[32mINSERT INTO "cats" ("birth_date", "color", "name", "sex", "description", "created_at", "updated_at") VALUES ($1, $2, $3, $4, $5, $6, $7) RETURNING "id"[0m  [["birth_date", "2000-01-20"], ["color", "White"], ["name", "Dog"], ["sex", "M"], ["description", "Actually a cat."], ["created_at", "2021-02-26 22:30:01.390076"], ["updated_at", "2021-02-26 22:30:01.390076"]]
  ↳ db/seeds.rb:11
  [1m[35m (1.0ms)[0m  [1m[35mCOMMIT[0m
  ↳ db/seeds.rb:11
  [1m[35m (0.7ms)[0m  [1m[35mBEGIN[0m
  ↳ db/seeds.rb:12
  [1m[36mCat Create (0.8ms)[0m  [1m[32mINSERT INTO "cats" ("birth_date", "color", "name", "sex", "description", "created_at", "updated_at") VALUES ($1, $2, $3, $4, $5, $6, $7) RETURNING "id"[0m  [["birth_date", "1980-01-20"], ["color", "Brown"], ["name", "'Cat'"], ["sex", "M"], ["description", "A cat?"], ["created_at", "2021-02-26 22:30:01.394250"], ["updated_at", "2021-02-26 22:30:01.394250"]]
  ↳ db/seeds.rb:12
  [1m[35m (0.9ms)[0m  [1m[35mCOMMIT[0m
  ↳ db/seeds.rb:12
  [1m[35m (0.8ms)[0m  [1m[35mBEGIN[0m
  ↳ db/seeds.rb:13
  [1m[36mCat Create (1.9ms)[0m  [1m[32mINSERT INTO "cats" ("birth_date", "color", "name", "sex", "description", "created_at", "updated_at") VALUES ($1, $2, $3, $4, $5, $6, $7) RETURNING "id"[0m  [["birth_date", "2021-01-20"], ["color", "Gray"], ["name", "Mug"], ["sex", "F"], ["description", "A cool kitten."], ["created_at", "2021-02-26 22:30:01.398938"], ["updated_at", "2021-02-26 22:30:01.398938"]]
  ↳ db/seeds.rb:13
  [1m[35m (2.2ms)[0m  [1m[35mCOMMIT[0m
  ↳ db/seeds.rb:13
Started GET "/cats" for 127.0.0.1 at 2021-02-26 14:30:12 -0800
  [1m[35m (0.5ms)[0m  [1m[34mSELECT "schema_migrations"."version" FROM "schema_migrations" ORDER BY "schema_migrations"."version" ASC[0m
  ↳ /home/henry/.rbenv/versions/2.5.1/lib/ruby/gems/2.5.0/gems/activerecord-5.2.4.5/lib/active_record/log_subscriber.rb:98
Processing by CatsController#index as HTML
  Rendering cats/index.html.erb within layouts/application
  [1m[36mCat Load (6.2ms)[0m  [1m[34mSELECT "cats".* FROM "cats"[0m
  ↳ app/views/cats/index.html.erb:4
  Rendered cats/index.html.erb within layouts/application (137.6ms)
Completed 200 OK in 879ms (Views: 846.7ms | ActiveRecord: 18.9ms)


Started GET "/cats" for 127.0.0.1 at 2021-02-26 14:30:19 -0800
Processing by CatsController#index as HTML
  Rendering cats/index.html.erb within layouts/application
  [1m[36mCat Load (5.6ms)[0m  [1m[34mSELECT "cats".* FROM "cats"[0m
  ↳ app/views/cats/index.html.erb:4
  Rendered cats/index.html.erb within layouts/application (13.2ms)
Completed 200 OK in 113ms (Views: 106.8ms | ActiveRecord: 5.6ms)


Started GET "/cats" for 127.0.0.1 at 2021-02-26 14:30:23 -0800
Processing by CatsController#index as HTML
  Rendering cats/index.html.erb within layouts/application
  [1m[36mCat Load (2.3ms)[0m  [1m[34mSELECT "cats".* FROM "cats"[0m
  ↳ app/views/cats/index.html.erb:4
  Rendered cats/index.html.erb within layouts/application (3.9ms)
Completed 200 OK in 78ms (Views: 75.4ms | ActiveRecord: 2.3ms)


Started GET "/cats" for 127.0.0.1 at 2021-02-26 14:36:44 -0800
Processing by CatsController#index as HTML
  Rendering cats/index.html.erb within layouts/application
  [1m[36mCat Load (3.4ms)[0m  [1m[34mSELECT "cats".* FROM "cats"[0m
  ↳ app/views/cats/index.html.erb:4
  Rendered cats/index.html.erb within layouts/application (8.8ms)
Completed 200 OK in 63ms (Views: 59.2ms | ActiveRecord: 3.4ms)


Started GET "/cats" for 127.0.0.1 at 2021-02-26 14:36:47 -0800
Processing by CatsController#index as HTML
  Rendering cats/index.html.erb within layouts/application
  [1m[36mCat Load (1.7ms)[0m  [1m[34mSELECT "cats".* FROM "cats"[0m
  ↳ app/views/cats/index.html.erb:4
  Rendered cats/index.html.erb within layouts/application (6.5ms)
Completed 200 OK in 57ms (Views: 53.8ms | ActiveRecord: 1.7ms)


Started GET "/cats" for 127.0.0.1 at 2021-02-26 14:38:13 -0800
Processing by CatsController#index as HTML
  Rendering cats/index.html.erb within layouts/application
  [1m[36mCat Load (6.7ms)[0m  [1m[34mSELECT "cats".* FROM "cats"[0m
  ↳ app/views/cats/index.html.erb:4
  Rendered cats/index.html.erb within layouts/application (9.1ms)
Completed 200 OK in 71ms (Views: 63.0ms | ActiveRecord: 6.7ms)


Started GET "/cats" for 127.0.0.1 at 2021-02-26 14:38:16 -0800
Processing by CatsController#index as HTML
  Rendering cats/index.html.erb within layouts/application
  [1m[36mCat Load (2.8ms)[0m  [1m[34mSELECT "cats".* FROM "cats"[0m
  ↳ app/views/cats/index.html.erb:4
  Rendered cats/index.html.erb within layouts/application (4.3ms)
Completed 200 OK in 66ms (Views: 62.2ms | ActiveRecord: 2.8ms)


Started GET "/cats" for 127.0.0.1 at 2021-02-26 14:38:17 -0800
Processing by CatsController#index as HTML
  Rendering cats/index.html.erb within layouts/application
  [1m[36mCat Load (1.5ms)[0m  [1m[34mSELECT "cats".* FROM "cats"[0m
  ↳ app/views/cats/index.html.erb:4
  Rendered cats/index.html.erb within layouts/application (6.0ms)
Completed 200 OK in 107ms (Views: 104.8ms | ActiveRecord: 1.5ms)


Started GET "/cats" for 127.0.0.1 at 2021-02-26 14:38:24 -0800
Processing by CatsController#index as HTML
  Rendering cats/index.html.erb within layouts/application
  [1m[36mCat Load (2.5ms)[0m  [1m[34mSELECT "cats".* FROM "cats"[0m
  ↳ app/views/cats/index.html.erb:4
  Rendered cats/index.html.erb within layouts/application (4.0ms)
Completed 200 OK in 64ms (Views: 58.1ms | ActiveRecord: 2.5ms)


Started GET "/cats" for 127.0.0.1 at 2021-02-26 14:38:32 -0800
Processing by CatsController#index as HTML
  Rendering cats/index.html.erb within layouts/application
  [1m[36mCat Load (2.6ms)[0m  [1m[34mSELECT "cats".* FROM "cats"[0m
  ↳ app/views/cats/index.html.erb:4
  Rendered cats/index.html.erb within layouts/application (8.3ms)
Completed 200 OK in 52ms (Views: 49.0ms | ActiveRecord: 2.6ms)


Started GET "/cats" for 127.0.0.1 at 2021-02-26 14:40:55 -0800
Processing by CatsController#index as HTML
  Rendering cats/index.html.erb within layouts/application
  [1m[36mCat Load (1.4ms)[0m  [1m[34mSELECT "cats".* FROM "cats"[0m
  ↳ app/views/cats/index.html.erb:4
  Rendered cats/index.html.erb within layouts/application (4.9ms)
Completed 200 OK in 67ms (Views: 64.0ms | ActiveRecord: 1.4ms)


Started GET "/cats/1" for 127.0.0.1 at 2021-02-26 14:40:59 -0800
Processing by CatsController#show as HTML
  Parameters: {"id"=>"1"}
  [1m[36mCat Load (0.2ms)[0m  [1m[34mSELECT  "cats".* FROM "cats" WHERE "cats"."id" = $1 LIMIT $2[0m  [["id", 1], ["LIMIT", 1]]
  ↳ app/controllers/cats_controller.rb:9
  Rendering cats/show.html.erb within layouts/application
  Rendered cats/show.html.erb within layouts/application (0.4ms)
Completed 200 OK in 103ms (Views: 65.1ms | ActiveRecord: 0.4ms)


Started GET "/cats/4" for 127.0.0.1 at 2021-02-26 14:41:08 -0800
Processing by CatsController#show as HTML
  Parameters: {"id"=>"4"}
  [1m[36mCat Load (1.5ms)[0m  [1m[34mSELECT  "cats".* FROM "cats" WHERE "cats"."id" = $1 LIMIT $2[0m  [["id", 4], ["LIMIT", 1]]
  ↳ app/controllers/cats_controller.rb:9
  Rendering cats/show.html.erb within layouts/application
  Rendered cats/show.html.erb within layouts/application (0.5ms)
Completed 200 OK in 56ms (Views: 52.3ms | ActiveRecord: 1.5ms)


Started GET "/cats/5" for 127.0.0.1 at 2021-02-26 14:41:13 -0800
Processing by CatsController#show as HTML
  Parameters: {"id"=>"5"}
  [1m[36mCat Load (0.3ms)[0m  [1m[34mSELECT  "cats".* FROM "cats" WHERE "cats"."id" = $1 LIMIT $2[0m  [["id", 5], ["LIMIT", 1]]
  ↳ app/controllers/cats_controller.rb:9
  Rendering cats/show.html.erb within layouts/application
  Rendered cats/show.html.erb within layouts/application (0.8ms)
Completed 200 OK in 179ms (Views: 175.3ms | ActiveRecord: 0.3ms)


Started GET "/cats/5" for 127.0.0.1 at 2021-02-26 14:41:43 -0800
Processing by CatsController#show as HTML
  Parameters: {"id"=>"5"}
  [1m[36mCat Load (0.5ms)[0m  [1m[34mSELECT  "cats".* FROM "cats" WHERE "cats"."id" = $1 LIMIT $2[0m  [["id", 5], ["LIMIT", 1]]
  ↳ app/controllers/cats_controller.rb:9
  Rendering cats/show.html.erb within layouts/application
  Rendered cats/show.html.erb within layouts/application (70.0ms)
Completed 200 OK in 183ms (Views: 176.3ms | ActiveRecord: 0.5ms)


Started GET "/cats" for 127.0.0.1 at 2021-02-26 14:41:48 -0800
Processing by CatsController#index as HTML
  Rendering cats/index.html.erb within layouts/application
  [1m[36mCat Load (3.5ms)[0m  [1m[34mSELECT "cats".* FROM "cats"[0m
  ↳ app/views/cats/index.html.erb:4
  Rendered cats/index.html.erb within layouts/application (5.1ms)
Completed 200 OK in 48ms (Views: 44.5ms | ActiveRecord: 3.5ms)


Started GET "/cats/1" for 127.0.0.1 at 2021-02-26 14:41:49 -0800
Processing by CatsController#show as HTML
  Parameters: {"id"=>"1"}
  [1m[36mCat Load (3.2ms)[0m  [1m[34mSELECT  "cats".* FROM "cats" WHERE "cats"."id" = $1 LIMIT $2[0m  [["id", 1], ["LIMIT", 1]]
  ↳ app/controllers/cats_controller.rb:9
  Rendering cats/show.html.erb within layouts/application
  Rendered cats/show.html.erb within layouts/application (0.8ms)
Completed 200 OK in 54ms (Views: 47.6ms | ActiveRecord: 3.2ms)


Started GET "/cats/2" for 127.0.0.1 at 2021-02-26 14:41:53 -0800
Processing by CatsController#show as HTML
  Parameters: {"id"=>"2"}
  [1m[36mCat Load (0.4ms)[0m  [1m[34mSELECT  "cats".* FROM "cats" WHERE "cats"."id" = $1 LIMIT $2[0m  [["id", 2], ["LIMIT", 1]]
  ↳ app/controllers/cats_controller.rb:9
  Rendering cats/show.html.erb within layouts/application
  Rendered cats/show.html.erb within layouts/application (2.8ms)
Completed 200 OK in 119ms (Views: 112.8ms | ActiveRecord: 0.4ms)


Started GET "/cats/3" for 127.0.0.1 at 2021-02-26 14:41:58 -0800
Processing by CatsController#show as HTML
  Parameters: {"id"=>"3"}
  [1m[36mCat Load (3.0ms)[0m  [1m[34mSELECT  "cats".* FROM "cats" WHERE "cats"."id" = $1 LIMIT $2[0m  [["id", 3], ["LIMIT", 1]]
  ↳ app/controllers/cats_controller.rb:9
  Rendering cats/show.html.erb within layouts/application
  Rendered cats/show.html.erb within layouts/application (0.9ms)
Completed 200 OK in 88ms (Views: 76.2ms | ActiveRecord: 3.0ms)


Started GET "/cats/4" for 127.0.0.1 at 2021-02-26 14:42:04 -0800
Processing by CatsController#show as HTML
  Parameters: {"id"=>"4"}
  [1m[36mCat Load (0.3ms)[0m  [1m[34mSELECT  "cats".* FROM "cats" WHERE "cats"."id" = $1 LIMIT $2[0m  [["id", 4], ["LIMIT", 1]]
  ↳ app/controllers/cats_controller.rb:9
  Rendering cats/show.html.erb within layouts/application
  Rendered cats/show.html.erb within layouts/application (0.9ms)
Completed 200 OK in 72ms (Views: 67.5ms | ActiveRecord: 0.3ms)


Started GET "/cats/1" for 127.0.0.1 at 2021-02-26 14:48:33 -0800
Processing by CatsController#show as HTML
  Parameters: {"id"=>"1"}
  [1m[36mCat Load (0.4ms)[0m  [1m[34mSELECT  "cats".* FROM "cats" WHERE "cats"."id" = $1 LIMIT $2[0m  [["id", 1], ["LIMIT", 1]]
  ↳ app/controllers/cats_controller.rb:9
  Rendering cats/show.html.erb within layouts/application
  Rendered cats/show.html.erb within layouts/application (8.1ms)
Completed 200 OK in 96ms (Views: 64.6ms | ActiveRecord: 7.1ms)


Started GET "/cats/1" for 127.0.0.1 at 2021-02-26 14:57:48 -0800
Processing by CatsController#show as HTML
  Parameters: {"id"=>"1"}
  [1m[36mCat Load (0.3ms)[0m  [1m[34mSELECT  "cats".* FROM "cats" WHERE "cats"."id" = $1 LIMIT $2[0m  [["id", 1], ["LIMIT", 1]]
  ↳ app/controllers/cats_controller.rb:9
  Rendering cats/show.html.erb within layouts/application
  Rendered cats/show.html.erb within layouts/application (0.8ms)
Completed 200 OK in 64ms (Views: 55.8ms | ActiveRecord: 0.5ms)


Started GET "/cats" for 127.0.0.1 at 2021-02-26 14:57:51 -0800
Processing by CatsController#index as HTML
  Rendering cats/index.html.erb within layouts/application
  [1m[36mCat Load (0.3ms)[0m  [1m[34mSELECT "cats".* FROM "cats"[0m
  ↳ app/views/cats/index.html.erb:4
  Rendered cats/index.html.erb within layouts/application (2.8ms)
Completed 200 OK in 38ms (Views: 37.3ms | ActiveRecord: 0.3ms)


Started GET "/cats" for 127.0.0.1 at 2021-02-26 14:59:49 -0800
Processing by CatsController#index as HTML
  Rendering cats/index.html.erb within layouts/application
  [1m[36mCat Load (0.3ms)[0m  [1m[34mSELECT  "cats".* FROM "cats" LIMIT $1[0m  [["LIMIT", 11]]
  ↳ app/controllers/cats_controller.rb:5
  [1m[36mCACHE Cat Load (0.0ms)[0m  [1m[34mSELECT  "cats".* FROM "cats" LIMIT $1[0m  [["LIMIT", 11]]
  ↳ app/controllers/cats_controller.rb:5
  [1m[36mCACHE Cat Load (0.0ms)[0m  [1m[34mSELECT  "cats".* FROM "cats" LIMIT $1[0m  [["LIMIT", 11]]
  ↳ app/controllers/cats_controller.rb:5
  [1m[36mCACHE Cat Load (0.0ms)[0m  [1m[34mSELECT  "cats".* FROM "cats" LIMIT $1[0m  [["LIMIT", 11]]
  ↳ app/controllers/cats_controller.rb:5
  [1m[36mCACHE Cat Load (0.0ms)[0m  [1m[34mSELECT  "cats".* FROM "cats" LIMIT $1[0m  [["LIMIT", 11]]
  ↳ app/controllers/cats_controller.rb:5
  [1m[36mCACHE Cat Load (0.0ms)[0m  [1m[34mSELECT  "cats".* FROM "cats" LIMIT $1[0m  [["LIMIT", 11]]
  ↳ app/controllers/cats_controller.rb:5
  [1m[36mCACHE Cat Load (0.0ms)[0m  [1m[34mSELECT  "cats".* FROM "cats" LIMIT $1[0m  [["LIMIT", 11]]
  ↳ app/controllers/cats_controller.rb:5
  [1m[36mCACHE Cat Load (0.0ms)[0m  [1m[34mSELECT  "cats".* FROM "cats" LIMIT $1[0m  [["LIMIT", 11]]
  ↳ app/controllers/cats_controller.rb:5
  Rendered cats/index.html.erb within layouts/application (1128.2ms)
Completed 500 Internal Server Error in 1134ms (ActiveRecord: 0.4ms)


  [1m[36mCACHE Cat Load (0.0ms)[0m  [1m[34mSELECT  "cats".* FROM "cats" LIMIT $1[0m  [["LIMIT", 11]]
  ↳ /home/henry/.rbenv/versions/2.5.1/lib/ruby/gems/2.5.0/gems/activerecord-5.2.4.5/lib/active_record/log_subscriber.rb:98
  [1m[36mCACHE Cat Load (0.0ms)[0m  [1m[34mSELECT  "cats".* FROM "cats" LIMIT $1[0m  [["LIMIT", 11]]
  ↳ /home/henry/.rbenv/versions/2.5.1/lib/ruby/gems/2.5.0/gems/activerecord-5.2.4.5/lib/active_record/log_subscriber.rb:98
  [1m[36mCACHE Cat Load (0.0ms)[0m  [1m[34mSELECT  "cats".* FROM "cats" LIMIT $1[0m  [["LIMIT", 11]]
  ↳ /home/henry/.rbenv/versions/2.5.1/lib/ruby/gems/2.5.0/gems/activerecord-5.2.4.5/lib/active_record/log_subscriber.rb:98
  [1m[36mCACHE Cat Load (0.0ms)[0m  [1m[34mSELECT  "cats".* FROM "cats" LIMIT $1[0m  [["LIMIT", 11]]
  ↳ /home/henry/.rbenv/versions/2.5.1/lib/ruby/gems/2.5.0/gems/activerecord-5.2.4.5/lib/active_record/log_subscriber.rb:98
  [1m[36mCACHE Cat Load (0.0ms)[0m  [1m[34mSELECT  "cats".* FROM "cats" LIMIT $1[0m  [["LIMIT", 11]]
  ↳ /home/henry/.rbenv/versions/2.5.1/lib/ruby/gems/2.5.0/gems/activerecord-5.2.4.5/lib/active_record/log_subscriber.rb:98
  [1m[36mCACHE Cat Load (0.0ms)[0m  [1m[34mSELECT  "cats".* FROM "cats" LIMIT $1[0m  [["LIMIT", 11]]
  ↳ /home/henry/.rbenv/versions/2.5.1/lib/ruby/gems/2.5.0/gems/activerecord-5.2.4.5/lib/active_record/log_subscriber.rb:98
  [1m[36mCACHE Cat Load (0.0ms)[0m  [1m[34mSELECT  "cats".* FROM "cats" LIMIT $1[0m  [["LIMIT", 11]]
  ↳ /home/henry/.rbenv/versions/2.5.1/lib/ruby/gems/2.5.0/gems/activerecord-5.2.4.5/lib/active_record/log_subscriber.rb:98
  [1m[36mCACHE Cat Load (0.0ms)[0m  [1m[34mSELECT  "cats".* FROM "cats" LIMIT $1[0m  [["LIMIT", 11]]
  ↳ /home/henry/.rbenv/versions/2.5.1/lib/ruby/gems/2.5.0/gems/activerecord-5.2.4.5/lib/active_record/log_subscriber.rb:98

NameError - undefined local variable or method `new_cat_url' for #<#<Class:0x00007f887e0226b0>:0x00007f887d791d48>:
  app/views/cats/index.html.erb:3:in `_app_views_cats_index_html_erb__2869865605393674210_70112098662320'
  app/controllers/cats_controller.rb:5:in `index'

Started POST "/__better_errors/3aa097dc4defb93e/variables" for 127.0.0.1 at 2021-02-26 14:59:51 -0800
  [1m[36mCat Load (1.1ms)[0m  [1m[34mSELECT  "cats".* FROM "cats" LIMIT $1[0m  [["LIMIT", 11]]
  ↳ /home/henry/.rbenv/versions/2.5.1/lib/ruby/gems/2.5.0/gems/activerecord-5.2.4.5/lib/active_record/log_subscriber.rb:98
  [1m[36mCACHE Cat Load (0.0ms)[0m  [1m[34mSELECT  "cats".* FROM "cats" LIMIT $1[0m  [["LIMIT", 11]]
  ↳ /home/henry/.rbenv/versions/2.5.1/lib/ruby/gems/2.5.0/gems/activerecord-5.2.4.5/lib/active_record/log_subscriber.rb:98
  [1m[36mCACHE Cat Load (0.0ms)[0m  [1m[34mSELECT  "cats".* FROM "cats" LIMIT $1[0m  [["LIMIT", 11]]
  ↳ /home/henry/.rbenv/versions/2.5.1/lib/ruby/gems/2.5.0/gems/activerecord-5.2.4.5/lib/active_record/log_subscriber.rb:98
  [1m[36mCACHE Cat Load (0.0ms)[0m  [1m[34mSELECT  "cats".* FROM "cats" LIMIT $1[0m  [["LIMIT", 11]]
  ↳ /home/henry/.rbenv/versions/2.5.1/lib/ruby/gems/2.5.0/gems/activerecord-5.2.4.5/lib/active_record/log_subscriber.rb:98
  [1m[36mCACHE Cat Load (0.0ms)[0m  [1m[34mSELECT  "cats".* FROM "cats" LIMIT $1[0m  [["LIMIT", 11]]
  ↳ /home/henry/.rbenv/versions/2.5.1/lib/ruby/gems/2.5.0/gems/activerecord-5.2.4.5/lib/active_record/log_subscriber.rb:98
  [1m[36mCACHE Cat Load (0.0ms)[0m  [1m[34mSELECT  "cats".* FROM "cats" LIMIT $1[0m  [["LIMIT", 11]]
  ↳ /home/henry/.rbenv/versions/2.5.1/lib/ruby/gems/2.5.0/gems/activerecord-5.2.4.5/lib/active_record/log_subscriber.rb:98
  [1m[36mCACHE Cat Load (0.0ms)[0m  [1m[34mSELECT  "cats".* FROM "cats" LIMIT $1[0m  [["LIMIT", 11]]
  ↳ /home/henry/.rbenv/versions/2.5.1/lib/ruby/gems/2.5.0/gems/activerecord-5.2.4.5/lib/active_record/log_subscriber.rb:98
  [1m[36mCACHE Cat Load (0.0ms)[0m  [1m[34mSELECT  "cats".* FROM "cats" LIMIT $1[0m  [["LIMIT", 11]]
  ↳ /home/henry/.rbenv/versions/2.5.1/lib/ruby/gems/2.5.0/gems/activerecord-5.2.4.5/lib/active_record/log_subscriber.rb:98
  [1m[36mCACHE Cat Load (0.0ms)[0m  [1m[34mSELECT  "cats".* FROM "cats" LIMIT $1[0m  [["LIMIT", 11]]
  ↳ /home/henry/.rbenv/versions/2.5.1/lib/ruby/gems/2.5.0/gems/activerecord-5.2.4.5/lib/active_record/log_subscriber.rb:98
  [1m[36mCACHE Cat Load (0.0ms)[0m  [1m[34mSELECT  "cats".* FROM "cats" LIMIT $1[0m  [["LIMIT", 11]]
  ↳ /home/henry/.rbenv/versions/2.5.1/lib/ruby/gems/2.5.0/gems/activerecord-5.2.4.5/lib/active_record/log_subscriber.rb:98
  [1m[36mCACHE Cat Load (0.0ms)[0m  [1m[34mSELECT  "cats".* FROM "cats" LIMIT $1[0m  [["LIMIT", 11]]
  ↳ /home/henry/.rbenv/versions/2.5.1/lib/ruby/gems/2.5.0/gems/activerecord-5.2.4.5/lib/active_record/log_subscriber.rb:98
  [1m[36mCACHE Cat Load (0.0ms)[0m  [1m[34mSELECT  "cats".* FROM "cats" LIMIT $1[0m  [["LIMIT", 11]]
  ↳ /home/henry/.rbenv/versions/2.5.1/lib/ruby/gems/2.5.0/gems/activerecord-5.2.4.5/lib/active_record/log_subscriber.rb:98
  [1m[36mCACHE Cat Load (0.0ms)[0m  [1m[34mSELECT  "cats".* FROM "cats" LIMIT $1[0m  [["LIMIT", 11]]
  ↳ /home/henry/.rbenv/versions/2.5.1/lib/ruby/gems/2.5.0/gems/activerecord-5.2.4.5/lib/active_record/log_subscriber.rb:98
  [1m[36mCACHE Cat Load (0.1ms)[0m  [1m[34mSELECT  "cats".* FROM "cats" LIMIT $1[0m  [["LIMIT", 11]]
  ↳ /home/henry/.rbenv/versions/2.5.1/lib/ruby/gems/2.5.0/gems/activerecord-5.2.4.5/lib/active_record/log_subscriber.rb:98
  [1m[36mCACHE Cat Load (0.0ms)[0m  [1m[34mSELECT  "cats".* FROM "cats" LIMIT $1[0m  [["LIMIT", 11]]
  ↳ /home/henry/.rbenv/versions/2.5.1/lib/ruby/gems/2.5.0/gems/activerecord-5.2.4.5/lib/active_record/log_subscriber.rb:98
  [1m[36mCACHE Cat Load (0.0ms)[0m  [1m[34mSELECT  "cats".* FROM "cats" LIMIT $1[0m  [["LIMIT", 11]]
  ↳ /home/henry/.rbenv/versions/2.5.1/lib/ruby/gems/2.5.0/gems/activerecord-5.2.4.5/lib/active_record/log_subscriber.rb:98
  [1m[36mCACHE Cat Load (0.0ms)[0m  [1m[34mSELECT  "cats".* FROM "cats" LIMIT $1[0m  [["LIMIT", 11]]
  ↳ /home/henry/.rbenv/versions/2.5.1/lib/ruby/gems/2.5.0/gems/activerecord-5.2.4.5/lib/active_record/log_subscriber.rb:98
  [1m[36mCACHE Cat Load (3.8ms)[0m  [1m[34mSELECT  "cats".* FROM "cats" LIMIT $1[0m  [["LIMIT", 11]]
  ↳ /home/henry/.rbenv/versions/2.5.1/lib/ruby/gems/2.5.0/gems/activerecord-5.2.4.5/lib/active_record/log_subscriber.rb:98
Started POST "/__better_errors/3aa097dc4defb93e/variables" for 127.0.0.1 at 2021-02-26 15:00:05 -0800
  [1m[36mCat Load (1.8ms)[0m  [1m[34mSELECT  "cats".* FROM "cats" LIMIT $1[0m  [["LIMIT", 11]]
  ↳ /home/henry/.rbenv/versions/2.5.1/lib/ruby/gems/2.5.0/gems/activerecord-5.2.4.5/lib/active_record/log_subscriber.rb:98
  [1m[36mCACHE Cat Load (0.0ms)[0m  [1m[34mSELECT  "cats".* FROM "cats" LIMIT $1[0m  [["LIMIT", 11]]
  ↳ /home/henry/.rbenv/versions/2.5.1/lib/ruby/gems/2.5.0/gems/activerecord-5.2.4.5/lib/active_record/log_subscriber.rb:98
  [1m[36mCACHE Cat Load (0.0ms)[0m  [1m[34mSELECT  "cats".* FROM "cats" LIMIT $1[0m  [["LIMIT", 11]]
  ↳ /home/henry/.rbenv/versions/2.5.1/lib/ruby/gems/2.5.0/gems/activerecord-5.2.4.5/lib/active_record/log_subscriber.rb:98
  [1m[36mCACHE Cat Load (0.0ms)[0m  [1m[34mSELECT  "cats".* FROM "cats" LIMIT $1[0m  [["LIMIT", 11]]
  ↳ /home/henry/.rbenv/versions/2.5.1/lib/ruby/gems/2.5.0/gems/activerecord-5.2.4.5/lib/active_record/log_subscriber.rb:98
  [1m[36mCACHE Cat Load (0.0ms)[0m  [1m[34mSELECT  "cats".* FROM "cats" LIMIT $1[0m  [["LIMIT", 11]]
  ↳ /home/henry/.rbenv/versions/2.5.1/lib/ruby/gems/2.5.0/gems/activerecord-5.2.4.5/lib/active_record/log_subscriber.rb:98
  [1m[36mCACHE Cat Load (0.0ms)[0m  [1m[34mSELECT  "cats".* FROM "cats" LIMIT $1[0m  [["LIMIT", 11]]
  ↳ /home/henry/.rbenv/versions/2.5.1/lib/ruby/gems/2.5.0/gems/activerecord-5.2.4.5/lib/active_record/log_subscriber.rb:98
  [1m[36mCACHE Cat Load (0.0ms)[0m  [1m[34mSELECT  "cats".* FROM "cats" LIMIT $1[0m  [["LIMIT", 11]]
  ↳ /home/henry/.rbenv/versions/2.5.1/lib/ruby/gems/2.5.0/gems/activerecord-5.2.4.5/lib/active_record/log_subscriber.rb:98
  [1m[36mCACHE Cat Load (0.0ms)[0m  [1m[34mSELECT  "cats".* FROM "cats" LIMIT $1[0m  [["LIMIT", 11]]
  ↳ /home/henry/.rbenv/versions/2.5.1/lib/ruby/gems/2.5.0/gems/activerecord-5.2.4.5/lib/active_record/log_subscriber.rb:98
Started GET "/cats" for 127.0.0.1 at 2021-02-26 15:04:11 -0800
  [1m[35m (0.8ms)[0m  [1m[34mSELECT "schema_migrations"."version" FROM "schema_migrations" ORDER BY "schema_migrations"."version" ASC[0m
  ↳ /home/henry/.rbenv/versions/2.5.1/lib/ruby/gems/2.5.0/gems/activerecord-5.2.4.5/lib/active_record/log_subscriber.rb:98
Processing by CatsController#index as HTML
  Rendering cats/index.html.erb within layouts/application
  [1m[36mCat Load (1.2ms)[0m  [1m[34mSELECT "cats".* FROM "cats"[0m
  ↳ app/views/cats/index.html.erb:6
  Rendered cats/index.html.erb within layouts/application (49.3ms)
Completed 200 OK in 729ms (Views: 702.8ms | ActiveRecord: 10.2ms)


Started GET "/cats/new" for 127.0.0.1 at 2021-02-26 15:04:15 -0800
Processing by CatsController#new as HTML
  Rendering cats/new.html.erb within layouts/application
  Rendered cats/new.html.erb within layouts/application (20.4ms)
Completed 500 Internal Server Error in 33ms (ActiveRecord: 0.0ms)



NameError - uninitialized constant ActionView::CompiledTemplates::COLORS:
  app/views/cats/new.html.erb:22:in `_app_views_cats_new_html_erb___2106580299683670136_69955067899120'
  app/controllers/cats_controller.rb:15:in `new'

Started POST "/__better_errors/17a169db7fc7b2b0/variables" for 127.0.0.1 at 2021-02-26 15:04:15 -0800
Started GET "/cats/new" for 127.0.0.1 at 2021-02-26 15:04:38 -0800
Processing by CatsController#new as HTML
  Rendering cats/new.html.erb within layouts/application
  Rendered cats/new.html.erb within layouts/application (44.1ms)
Completed 500 Internal Server Error in 51ms (ActiveRecord: 0.0ms)



NoMethodError - undefined method `COLORS' for #<Class:0x0000555fb0c3a298>:
  app/views/cats/new.html.erb:22:in `_app_views_cats_new_html_erb___2106580299683670136_69955067097300'
  app/controllers/cats_controller.rb:15:in `new'

Started POST "/__better_errors/89d7cfc2c2ed32b4/variables" for 127.0.0.1 at 2021-02-26 15:04:38 -0800
Started GET "/cats/new" for 127.0.0.1 at 2021-02-26 15:05:15 -0800
Processing by CatsController#new as HTML
  Rendering cats/new.html.erb within layouts/application
  Rendered cats/new.html.erb within layouts/application (0.5ms)
Completed 200 OK in 75ms (Views: 74.8ms | ActiveRecord: 0.0ms)


Started GET "/cats/new" for 127.0.0.1 at 2021-02-26 15:05:40 -0800
Processing by CatsController#new as HTML
  Rendering cats/new.html.erb within layouts/application
  Rendered cats/new.html.erb within layouts/application (0.5ms)
Completed 200 OK in 74ms (Views: 73.6ms | ActiveRecord: 0.0ms)


Started GET "/cats/new" for 127.0.0.1 at 2021-02-26 15:06:32 -0800
Processing by CatsController#new as HTML
Completed 500 Internal Server Error in 38ms (ActiveRecord: 0.0ms)



NameError - uninitialized constant Cat::COLORS:
  app/models/cat.rb:10:in `<class:Cat>'
  app/models/cat.rb:3:in `<top (required)>'
  app/controllers/cats_controller.rb:14:in `new'

Started POST "/__better_errors/de4b8a7b9f779031/variables" for 127.0.0.1 at 2021-02-26 15:06:32 -0800
Started GET "/cats/new" for 127.0.0.1 at 2021-02-26 15:06:47 -0800
Processing by CatsController#new as HTML
  Rendering cats/new.html.erb within layouts/application
  Rendered cats/new.html.erb within layouts/application (43.3ms)
Completed 500 Internal Server Error in 191ms (ActiveRecord: 31.5ms)



NameError - uninitialized class variable @@COLORS in ActionView::CompiledTemplates:
  app/views/cats/new.html.erb:22:in `_app_views_cats_new_html_erb___2106580299683670136_46934743378220'
  app/controllers/cats_controller.rb:15:in `new'

Started POST "/__better_errors/f27f69fe0aa4d331/variables" for 127.0.0.1 at 2021-02-26 15:06:48 -0800
Started GET "/cats/new" for 127.0.0.1 at 2021-02-26 15:08:11 -0800
Processing by CatsController#new as HTML
  Rendering cats/new.html.erb within layouts/application
  Rendered cats/new.html.erb within layouts/application (4.2ms)
Completed 500 Internal Server Error in 91ms (ActiveRecord: 7.9ms)



NoMethodError - undefined method `each' for nil:NilClass:
  app/views/cats/new.html.erb:19:in `_app_views_cats_new_html_erb___2106580299683670136_69955059000960'
  app/controllers/cats_controller.rb:15:in `new'

Started POST "/__better_errors/f20503bbfe1e8475/variables" for 127.0.0.1 at 2021-02-26 15:08:11 -0800
Started GET "/cats/new" for 127.0.0.1 at 2021-02-26 15:09:18 -0800
Processing by CatsController#new as HTML
  Rendering cats/new.html.erb within layouts/application
  Rendered cats/new.html.erb within layouts/application (0.6ms)
Completed 200 OK in 136ms (Views: 85.1ms | ActiveRecord: 16.7ms)


Started GET "/cats/new" for 127.0.0.1 at 2021-02-26 15:10:09 -0800
Processing by CatsController#new as HTML
  Rendering cats/new.html.erb within layouts/application
  Rendered cats/new.html.erb within layouts/application (1148.2ms)
Completed 500 Internal Server Error in 1160ms (ActiveRecord: 0.0ms)



NameError - undefined local variable or method `cat' for #<#<Class:0x00007f3f5d16d890>:0x00007f3f5cf2ea98>
Did you mean?  @cat:
  app/views/cats/new.html.erb:19:in `_app_views_cats_new_html_erb___2106580299683670136_69955059506260'
  app/controllers/cats_controller.rb:15:in `new'

Started POST "/__better_errors/928b82fb6e591503/variables" for 127.0.0.1 at 2021-02-26 15:10:11 -0800
Started GET "/cats/new" for 127.0.0.1 at 2021-02-26 15:12:06 -0800
Processing by CatsController#new as HTML
  Rendering cats/new.html.erb within layouts/application
  Rendered cats/new.html.erb within layouts/application (0.9ms)
Completed 200 OK in 132ms (Views: 131.8ms | ActiveRecord: 0.0ms)


Started GET "/cats/new" for 127.0.0.1 at 2021-02-26 15:12:17 -0800
Processing by CatsController#new as HTML
  Rendering cats/new.html.erb within layouts/application
  Rendered cats/new.html.erb within layouts/application (0.5ms)
Completed 200 OK in 73ms (Views: 72.6ms | ActiveRecord: 0.0ms)


Started GET "/cats/new" for 127.0.0.1 at 2021-02-26 15:13:00 -0800
Processing by CatsController#new as HTML
  Rendering cats/new.html.erb within layouts/application
  Rendered cats/new.html.erb within layouts/application (0.7ms)
Completed 200 OK in 79ms (Views: 78.0ms | ActiveRecord: 0.0ms)


Started GET "/cats/new" for 127.0.0.1 at 2021-02-26 15:13:10 -0800
Processing by CatsController#new as HTML
  Rendering cats/new.html.erb within layouts/application
  Rendered cats/new.html.erb within layouts/application (0.7ms)
Completed 200 OK in 108ms (Views: 104.3ms | ActiveRecord: 0.0ms)


Started GET "/cats/new" for 127.0.0.1 at 2021-02-26 15:14:32 -0800
Processing by CatsController#new as HTML
  Rendering cats/new.html.erb within layouts/application
  Rendered cats/new.html.erb within layouts/application (0.6ms)
Completed 200 OK in 134ms (Views: 133.2ms | ActiveRecord: 0.0ms)


Started GET "/cats/new" for 127.0.0.1 at 2021-02-26 15:15:01 -0800
Processing by CatsController#new as HTML
  Rendering cats/new.html.erb within layouts/application
  Rendered cats/new.html.erb within layouts/application (0.7ms)
Completed 200 OK in 77ms (Views: 75.8ms | ActiveRecord: 0.0ms)


Started GET "/cats/new" for 127.0.0.1 at 2021-02-26 15:15:18 -0800
Processing by CatsController#new as HTML
  Rendering cats/new.html.erb within layouts/application
  Rendered cats/new.html.erb within layouts/application (0.5ms)
Completed 200 OK in 93ms (Views: 85.2ms | ActiveRecord: 0.0ms)


Started GET "/cats/new" for 127.0.0.1 at 2021-02-26 15:16:03 -0800
Processing by CatsController#new as HTML
  Rendering cats/new.html.erb within layouts/application
  Rendered cats/new.html.erb within layouts/application (0.8ms)
Completed 200 OK in 82ms (Views: 76.3ms | ActiveRecord: 0.0ms)


Started GET "/cats/new" for 127.0.0.1 at 2021-02-26 15:16:59 -0800
Processing by CatsController#new as HTML
  Rendering cats/new.html.erb within layouts/application
  Rendered cats/new.html.erb within layouts/application (0.7ms)
Completed 200 OK in 68ms (Views: 67.1ms | ActiveRecord: 0.0ms)


Started GET "/cats/new" for 127.0.0.1 at 2021-02-26 15:17:38 -0800
Processing by CatsController#new as HTML
  Rendering cats/new.html.erb within layouts/application
  Rendered cats/new.html.erb within layouts/application (1.4ms)
Completed 200 OK in 80ms (Views: 79.4ms | ActiveRecord: 0.0ms)


Started GET "/cats/new" for 127.0.0.1 at 2021-02-26 15:19:57 -0800
Processing by CatsController#new as HTML
  Rendering cats/new.html.erb within layouts/application
  Rendered cats/new.html.erb within layouts/application (8.0ms)
Completed 200 OK in 119ms (Views: 118.1ms | ActiveRecord: 0.0ms)


Started GET "/cats/new" for 127.0.0.1 at 2021-02-26 15:20:08 -0800
Processing by CatsController#new as HTML
  Rendering cats/new.html.erb within layouts/application
  Rendered cats/new.html.erb within layouts/application (0.9ms)
Completed 200 OK in 139ms (Views: 137.3ms | ActiveRecord: 0.0ms)


Started GET "/cats/new?%40cat%5Bname%5D=Tiger&%40cat%5Bsex%5D=M&%40cat%5Bbirth_date%5D=2021-02-11&%40cat%5Bdescription%5D=A+big+cat%21" for 127.0.0.1 at 2021-02-26 15:20:31 -0800
Processing by CatsController#new as HTML
  Parameters: {"@cat"=>{"name"=>"Tiger", "sex"=>"M", "birth_date"=>"2021-02-11", "description"=>"A big cat!"}}
  Rendering cats/new.html.erb within layouts/application
  Rendered cats/new.html.erb within layouts/application (0.5ms)
Completed 200 OK in 91ms (Views: 90.2ms | ActiveRecord: 0.0ms)


Started GET "/cats/" for 127.0.0.1 at 2021-02-26 15:20:57 -0800
Processing by CatsController#index as HTML
  Rendering cats/index.html.erb within layouts/application
  [1m[36mCat Load (2.5ms)[0m  [1m[34mSELECT "cats".* FROM "cats"[0m
  ↳ app/views/cats/index.html.erb:6
  Rendered cats/index.html.erb within layouts/application (23.3ms)
Completed 200 OK in 98ms (Views: 94.3ms | ActiveRecord: 2.5ms)


Started GET "/cats/1" for 127.0.0.1 at 2021-02-26 15:26:45 -0800
Processing by CatsController#show as HTML
  Parameters: {"id"=>"1"}
  [1m[36mCat Load (0.4ms)[0m  [1m[34mSELECT  "cats".* FROM "cats" WHERE "cats"."id" = $1 LIMIT $2[0m  [["id", 1], ["LIMIT", 1]]
  ↳ app/controllers/cats_controller.rb:9
  Rendering cats/show.html.erb within layouts/application
  Rendered cats/show.html.erb within layouts/application (1385.6ms)
Completed 500 Internal Server Error in 1566ms (ActiveRecord: 27.2ms)



NameError - undefined local variable or method `edit_cat_url' for #<#<Class:0x0000555fb47ba610>:0x0000555fb47b8d10>:
  app/views/cats/show.html.erb:1:in `_app_views_cats_show_html_erb___3768203855941338090_46934753508620'
  app/controllers/cats_controller.rb:10:in `show'

Started POST "/__better_errors/10e9d326dbaf9d5a/variables" for 127.0.0.1 at 2021-02-26 15:26:48 -0800
Started GET "/cats/1" for 127.0.0.1 at 2021-02-26 15:27:08 -0800
Processing by CatsController#show as HTML
  Parameters: {"id"=>"1"}
  [1m[36mCat Load (3.6ms)[0m  [1m[34mSELECT  "cats".* FROM "cats" WHERE "cats"."id" = $1 LIMIT $2[0m  [["id", 1], ["LIMIT", 1]]
  ↳ app/controllers/cats_controller.rb:9
  Rendering cats/show.html.erb within layouts/application
  Rendered cats/show.html.erb within layouts/application (6.3ms)
Completed 200 OK in 145ms (Views: 100.3ms | ActiveRecord: 20.9ms)


Started GET "/cats/1/edit" for 127.0.0.1 at 2021-02-26 15:27:10 -0800
Processing by CatsController#edit as HTML
  Parameters: {"id"=>"1"}
  [1m[36mCat Load (0.9ms)[0m  [1m[34mSELECT  "cats".* FROM "cats" WHERE "cats"."id" = $1 LIMIT $2[0m  [["id", 1], ["LIMIT", 1]]
  ↳ app/controllers/cats_controller.rb:19
  Rendering cats/edit.html.erb within layouts/application
  Rendered cats/edit.html.erb within layouts/application (0.8ms)
Completed 200 OK in 183ms (Views: 163.6ms | ActiveRecord: 3.2ms)


Started GET "/cats/1/edit" for 127.0.0.1 at 2021-02-26 15:28:43 -0800
Processing by CatsController#edit as HTML
  Parameters: {"id"=>"1"}
  [1m[36mCat Load (1.0ms)[0m  [1m[34mSELECT  "cats".* FROM "cats" WHERE "cats"."id" = $1 LIMIT $2[0m  [["id", 1], ["LIMIT", 1]]
  ↳ app/controllers/cats_controller.rb:19
  Rendering cats/edit.html.erb within layouts/application
  Rendered cats/edit.html.erb within layouts/application (0.6ms)
Completed 200 OK in 127ms (Views: 120.3ms | ActiveRecord: 1.0ms)


Started GET "/cats/1/edit" for 127.0.0.1 at 2021-02-26 15:31:20 -0800
Processing by CatsController#edit as HTML
  Parameters: {"id"=>"1"}
  [1m[36mCat Load (0.3ms)[0m  [1m[34mSELECT  "cats".* FROM "cats" WHERE "cats"."id" = $1 LIMIT $2[0m  [["id", 1], ["LIMIT", 1]]
  ↳ app/controllers/cats_controller.rb:19
  Rendering cats/edit.html.erb within layouts/application
  Rendered cats/edit.html.erb within layouts/application (1049.4ms)
Completed 500 Internal Server Error in 1064ms (ActiveRecord: 0.3ms)



NameError - undefined local variable or method `selected' for #<#<Class:0x0000555fb0f02278>:0x0000555fb17f2068>
Did you mean?  select:
  app/views/cats/edit.html.erb:20:in `block in _app_views_cats_edit_html_erb___1043636814668764302_46934744073960'
  app/views/cats/edit.html.erb:19:in `_app_views_cats_edit_html_erb___1043636814668764302_46934744073960'
  app/controllers/cats_controller.rb:20:in `edit'

Started POST "/__better_errors/eeacaee859c4714d/variables" for 127.0.0.1 at 2021-02-26 15:31:23 -0800
Started GET "/cats/1/edit" for 127.0.0.1 at 2021-02-26 15:35:10 -0800
Processing by CatsController#edit as HTML
  Parameters: {"id"=>"1"}
  [1m[36mCat Load (0.8ms)[0m  [1m[34mSELECT  "cats".* FROM "cats" WHERE "cats"."id" = $1 LIMIT $2[0m  [["id", 1], ["LIMIT", 1]]
  ↳ app/controllers/cats_controller.rb:19
  Rendering cats/edit.html.erb within layouts/application
  Rendered cats/edit.html.erb within layouts/application (1454.0ms)
Completed 500 Internal Server Error in 1479ms (ActiveRecord: 0.8ms)



NameError - undefined local variable or method `color' for #<#<Class:0x0000555fb0f02278>:0x0000555fb2f41b60>:
  app/views/cats/edit.html.erb:18:in `_app_views_cats_edit_html_erb___1043636814668764302_46934756295740'
  app/controllers/cats_controller.rb:20:in `edit'

Started POST "/__better_errors/cbf19e1701e0d37f/variables" for 127.0.0.1 at 2021-02-26 15:35:13 -0800
Started GET "/cats/1/edit" for 127.0.0.1 at 2021-02-26 15:35:34 -0800
Processing by CatsController#edit as HTML
  Parameters: {"id"=>"1"}
  [1m[36mCat Load (0.8ms)[0m  [1m[34mSELECT  "cats".* FROM "cats" WHERE "cats"."id" = $1 LIMIT $2[0m  [["id", 1], ["LIMIT", 1]]
  ↳ app/controllers/cats_controller.rb:19
  Rendering cats/edit.html.erb within layouts/application
  Rendered cats/edit.html.erb within layouts/application (2.5ms)
Completed 200 OK in 86ms (Views: 82.4ms | ActiveRecord: 0.8ms)


Started GET "/cats/1/edit" for 127.0.0.1 at 2021-02-26 15:36:09 -0800
Processing by CatsController#edit as HTML
  Parameters: {"id"=>"1"}
  [1m[36mCat Load (1.7ms)[0m  [1m[34mSELECT  "cats".* FROM "cats" WHERE "cats"."id" = $1 LIMIT $2[0m  [["id", 1], ["LIMIT", 1]]
  ↳ app/controllers/cats_controller.rb:19
  Rendering cats/edit.html.erb within layouts/application
  Rendered cats/edit.html.erb within layouts/application (0.9ms)
Completed 200 OK in 67ms (Views: 64.3ms | ActiveRecord: 1.7ms)


Started GET "/cats/1/edit" for 127.0.0.1 at 2021-02-26 15:36:20 -0800
Processing by CatsController#edit as HTML
  Parameters: {"id"=>"1"}
  [1m[36mCat Load (0.4ms)[0m  [1m[34mSELECT  "cats".* FROM "cats" WHERE "cats"."id" = $1 LIMIT $2[0m  [["id", 1], ["LIMIT", 1]]
  ↳ app/controllers/cats_controller.rb:19
  Rendering cats/edit.html.erb within layouts/application
  Rendered cats/edit.html.erb within layouts/application (0.8ms)
Completed 200 OK in 100ms (Views: 87.4ms | ActiveRecord: 2.6ms)


Started GET "/cats/1" for 127.0.0.1 at 2021-02-26 15:36:24 -0800
Processing by CatsController#show as HTML
  Parameters: {"id"=>"1"}
  [1m[36mCat Load (1.4ms)[0m  [1m[34mSELECT  "cats".* FROM "cats" WHERE "cats"."id" = $1 LIMIT $2[0m  [["id", 1], ["LIMIT", 1]]
  ↳ app/controllers/cats_controller.rb:9
  Rendering cats/show.html.erb within layouts/application
  Rendered cats/show.html.erb within layouts/application (1.0ms)
Completed 200 OK in 83ms (Views: 79.4ms | ActiveRecord: 1.4ms)


Started GET "/cats/1/edit" for 127.0.0.1 at 2021-02-26 15:36:27 -0800
Processing by CatsController#edit as HTML
  Parameters: {"id"=>"1"}
  [1m[36mCat Load (2.4ms)[0m  [1m[34mSELECT  "cats".* FROM "cats" WHERE "cats"."id" = $1 LIMIT $2[0m  [["id", 1], ["LIMIT", 1]]
  ↳ app/controllers/cats_controller.rb:19
  Rendering cats/edit.html.erb within layouts/application
  Rendered cats/edit.html.erb within layouts/application (0.6ms)
Completed 200 OK in 75ms (Views: 66.5ms | ActiveRecord: 2.4ms)


Started GET "/cats/" for 127.0.0.1 at 2021-02-26 15:36:30 -0800
Processing by CatsController#index as HTML
  Rendering cats/index.html.erb within layouts/application
  [1m[36mCat Load (3.3ms)[0m  [1m[34mSELECT "cats".* FROM "cats"[0m
  ↳ app/views/cats/index.html.erb:6
  Rendered cats/index.html.erb within layouts/application (5.0ms)
Completed 200 OK in 55ms (Views: 36.8ms | ActiveRecord: 3.3ms)


Started GET "/cats/5" for 127.0.0.1 at 2021-02-26 15:36:36 -0800
Processing by CatsController#show as HTML
  Parameters: {"id"=>"5"}
  [1m[36mCat Load (0.3ms)[0m  [1m[34mSELECT  "cats".* FROM "cats" WHERE "cats"."id" = $1 LIMIT $2[0m  [["id", 5], ["LIMIT", 1]]
  ↳ app/controllers/cats_controller.rb:9
  Rendering cats/show.html.erb within layouts/application
  Rendered cats/show.html.erb within layouts/application (1.3ms)
Completed 200 OK in 95ms (Views: 93.9ms | ActiveRecord: 0.3ms)


Started GET "/cats/5/edit" for 127.0.0.1 at 2021-02-26 15:36:38 -0800
Processing by CatsController#edit as HTML
  Parameters: {"id"=>"5"}
  [1m[36mCat Load (3.2ms)[0m  [1m[34mSELECT  "cats".* FROM "cats" WHERE "cats"."id" = $1 LIMIT $2[0m  [["id", 5], ["LIMIT", 1]]
  ↳ app/controllers/cats_controller.rb:19
  Rendering cats/edit.html.erb within layouts/application
  Rendered cats/edit.html.erb within layouts/application (3.9ms)
Completed 200 OK in 90ms (Views: 85.5ms | ActiveRecord: 3.2ms)


Started GET "/cats/5/edit" for 127.0.0.1 at 2021-02-26 15:38:46 -0800
Processing by CatsController#edit as HTML
  Parameters: {"id"=>"5"}
  [1m[36mCat Load (0.3ms)[0m  [1m[34mSELECT  "cats".* FROM "cats" WHERE "cats"."id" = $1 LIMIT $2[0m  [["id", 5], ["LIMIT", 1]]
  ↳ app/controllers/cats_controller.rb:19
  Rendering cats/edit.html.erb within layouts/application
  Rendered cats/edit.html.erb within layouts/application (0.5ms)
Completed 200 OK in 64ms (Views: 62.7ms | ActiveRecord: 0.3ms)


Started GET "/cats/5" for 127.0.0.1 at 2021-02-26 15:39:01 -0800
Processing by CatsController#show as HTML
  Parameters: {"id"=>"5"}
  [1m[36mCat Load (2.0ms)[0m  [1m[34mSELECT  "cats".* FROM "cats" WHERE "cats"."id" = $1 LIMIT $2[0m  [["id", 5], ["LIMIT", 1]]
  ↳ app/controllers/cats_controller.rb:9
  Rendering cats/show.html.erb within layouts/application
  Rendered cats/show.html.erb within layouts/application (8.9ms)
Completed 200 OK in 62ms (Views: 58.2ms | ActiveRecord: 2.0ms)


Started GET "/cats/" for 127.0.0.1 at 2021-02-26 15:39:02 -0800
Processing by CatsController#index as HTML
  Rendering cats/index.html.erb within layouts/application
  [1m[36mCat Load (5.4ms)[0m  [1m[34mSELECT "cats".* FROM "cats"[0m
  ↳ app/views/cats/index.html.erb:6
  Rendered cats/index.html.erb within layouts/application (13.3ms)
Completed 200 OK in 107ms (Views: 100.9ms | ActiveRecord: 5.4ms)


Started GET "/cats/3" for 127.0.0.1 at 2021-02-26 15:39:04 -0800
Processing by CatsController#show as HTML
  Parameters: {"id"=>"3"}
  [1m[36mCat Load (6.2ms)[0m  [1m[34mSELECT  "cats".* FROM "cats" WHERE "cats"."id" = $1 LIMIT $2[0m  [["id", 3], ["LIMIT", 1]]
  ↳ app/controllers/cats_controller.rb:9
  Rendering cats/show.html.erb within layouts/application
  Rendered cats/show.html.erb within layouts/application (0.9ms)
Completed 200 OK in 69ms (Views: 60.2ms | ActiveRecord: 6.2ms)


Started GET "/cats/3/edit" for 127.0.0.1 at 2021-02-26 15:39:07 -0800
Processing by CatsController#edit as HTML
  Parameters: {"id"=>"3"}
  [1m[36mCat Load (2.1ms)[0m  [1m[34mSELECT  "cats".* FROM "cats" WHERE "cats"."id" = $1 LIMIT $2[0m  [["id", 3], ["LIMIT", 1]]
  ↳ app/controllers/cats_controller.rb:19
  Rendering cats/edit.html.erb within layouts/application
  Rendered cats/edit.html.erb within layouts/application (0.6ms)
Completed 200 OK in 94ms (Views: 84.9ms | ActiveRecord: 2.1ms)


Started GET "/cats/4" for 127.0.0.1 at 2021-02-26 15:39:17 -0800
Processing by CatsController#show as HTML
  Parameters: {"id"=>"4"}
  [1m[36mCat Load (9.6ms)[0m  [1m[34mSELECT  "cats".* FROM "cats" WHERE "cats"."id" = $1 LIMIT $2[0m  [["id", 4], ["LIMIT", 1]]
  ↳ app/controllers/cats_controller.rb:9
  Rendering cats/show.html.erb within layouts/application
  Rendered cats/show.html.erb within layouts/application (5.0ms)
Completed 200 OK in 114ms (Views: 101.2ms | ActiveRecord: 9.6ms)


Started GET "/cats/4/edit" for 127.0.0.1 at 2021-02-26 15:39:19 -0800
Processing by CatsController#edit as HTML
  Parameters: {"id"=>"4"}
  [1m[36mCat Load (0.3ms)[0m  [1m[34mSELECT  "cats".* FROM "cats" WHERE "cats"."id" = $1 LIMIT $2[0m  [["id", 4], ["LIMIT", 1]]
  ↳ app/controllers/cats_controller.rb:19
  Rendering cats/edit.html.erb within layouts/application
  Rendered cats/edit.html.erb within layouts/application (0.7ms)
Completed 200 OK in 134ms (Views: 127.0ms | ActiveRecord: 0.3ms)


